{"/home/runner/work/rive-backend/rive-backend/src/app.config.ts": {"path":"/home/runner/work/rive-backend/rive-backend/src/app.config.ts","statementMap":{"0":{"start":{"line":9,"column":0},"end":{"line":9,"column":16}},"1":{"start":{"line":1,"column":0},"end":{"line":1,"column":86}},"2":{"start":{"line":2,"column":0},"end":{"line":2,"column":65}},"3":{"start":{"line":3,"column":0},"end":{"line":3,"column":42}},"4":{"start":{"line":4,"column":0},"end":{"line":4,"column":35}},"5":{"start":{"line":5,"column":0},"end":{"line":5,"column":28}},"6":{"start":{"line":6,"column":0},"end":{"line":6,"column":77}},"7":{"start":{"line":7,"column":0},"end":{"line":7,"column":90}},"8":{"start":{"line":10,"column":2},"end":{"line":10,"column":36}},"9":{"start":{"line":11,"column":2},"end":{"line":25,"column":4}},"10":{"start":{"line":27,"column":2},"end":{"line":27,"column":81}},"11":{"start":{"line":28,"column":2},"end":{"line":31,"column":6}},"12":{"start":{"line":30,"column":23},"end":{"line":30,"column":75}},"13":{"start":{"line":33,"column":28},"end":{"line":36,"column":31}},"14":{"start":{"line":37,"column":29},"end":{"line":42,"column":4}},"15":{"start":{"line":43,"column":25},"end":{"line":45,"column":51}},"16":{"start":{"line":47,"column":2},"end":{"line":59,"column":5}},"17":{"start":{"line":49,"column":6},"end":{"line":52,"column":7}},"18":{"start":{"line":50,"column":8},"end":{"line":50,"column":29}},"19":{"start":{"line":51,"column":8},"end":{"line":51,"column":15}},"20":{"start":{"line":53,"column":6},"end":{"line":53,"column":71}},"21":{"start":{"line":61,"column":2},"end":{"line":68,"column":6}},"22":{"start":{"line":69,"column":2},"end":{"line":69,"column":50}},"23":{"start":{"line":75,"column":17},"end":{"line":86,"column":12}},"24":{"start":{"line":88,"column":19},"end":{"line":88,"column":60}},"25":{"start":{"line":89,"column":2},"end":{"line":91,"column":3}},"26":{"start":{"line":90,"column":4},"end":{"line":90,"column":51}}},"fnMap":{"0":{"name":"configureApp","decl":{"start":{"line":9,"column":16},"end":{"line":9,"column":28}},"loc":{"start":{"line":9,"column":50},"end":{"line":92,"column":1}}},"1":{"name":"(anonymous_11)","decl":{"start":{"line":30,"column":10},"end":{"line":30,"column":11}},"loc":{"start":{"line":30,"column":23},"end":{"line":30,"column":75}}},"2":{"name":"(anonymous_12)","decl":{"start":{"line":48,"column":12},"end":{"line":48,"column":13}},"loc":{"start":{"line":48,"column":33},"end":{"line":54,"column":5}}}},"branchMap":{"0":{"loc":{"start":{"line":43,"column":25},"end":{"line":45,"column":51}},"type":"cond-expr","locations":[{"start":{"line":44,"column":6},"end":{"line":44,"column":23}},{"start":{"line":45,"column":6},"end":{"line":45,"column":51}}]},"1":{"loc":{"start":{"line":49,"column":6},"end":{"line":52,"column":7}},"type":"if","locations":[{"start":{"line":49,"column":6},"end":{"line":52,"column":7}},{"start":{},"end":{}}]},"2":{"loc":{"start":{"line":49,"column":10},"end":{"line":49,"column":52}},"type":"binary-expr","locations":[{"start":{"line":49,"column":10},"end":{"line":49,"column":17}},{"start":{"line":49,"column":21},"end":{"line":49,"column":52}}]},"3":{"loc":{"start":{"line":89,"column":2},"end":{"line":91,"column":3}},"type":"if","locations":[{"start":{"line":89,"column":2},"end":{"line":91,"column":3}},{"start":{},"end":{}}]}},"s":{"0":1,"1":1,"2":1,"3":1,"4":1,"5":1,"6":1,"7":1,"8":2,"9":2,"10":2,"11":2,"12":0,"13":2,"14":2,"15":2,"16":2,"17":2,"18":2,"19":2,"20":0,"21":2,"22":2,"23":2,"24":2,"25":2,"26":2},"f":{"0":2,"1":0,"2":2},"b":{"0":[0,2],"1":[2,0],"2":[2,0],"3":[2,0]}}
,"/home/runner/work/rive-backend/rive-backend/src/audit-log/audit-log.service.ts": {"path":"/home/runner/work/rive-backend/rive-backend/src/audit-log/audit-log.service.ts","statementMap":{"0":{"start":{"line":1,"column":0},"end":{"line":1,"column":52}},"1":{"start":{"line":3,"column":0},"end":{"line":3,"column":57}},"2":{"start":{"line":6,"column":28},"end":{"line":35,"column":null}},"3":{"start":{"line":7,"column":28},"end":{"line":7,"column":60}},"4":{"start":{"line":9,"column":31},"end":{"line":9,"column":39}},"5":{"start":{"line":18,"column":4},"end":{"line":33,"column":5}},"6":{"start":{"line":19,"column":6},"end":{"line":27,"column":9}},"7":{"start":{"line":29,"column":6},"end":{"line":32,"column":8}},"8":{"start":{"line":6,"column":13},"end":{"line":6,"column":28}},"9":{"start":{"line":6,"column":13},"end":{"line":35,"column":null}}},"fnMap":{"0":{"name":"(anonymous_2)","decl":{"start":{"line":9,"column":2},"end":{"line":9,"column":31}},"loc":{"start":{"line":9,"column":52},"end":{"line":9,"column":56}}},"1":{"name":"(anonymous_3)","decl":{"start":{"line":11,"column":2},"end":{"line":11,"column":7}},"loc":{"start":{"line":17,"column":3},"end":{"line":34,"column":3}}}},"branchMap":{"0":{"loc":{"start":{"line":25,"column":14},"end":{"line":25,"column":100}},"type":"cond-expr","locations":[{"start":{"line":25,"column":44},"end":{"line":25,"column":95}},{"start":{"line":25,"column":98},"end":{"line":25,"column":100}}]},"1":{"loc":{"start":{"line":31,"column":8},"end":{"line":31,"column":56}},"type":"cond-expr","locations":[{"start":{"line":31,"column":33},"end":{"line":31,"column":44}},{"start":{"line":31,"column":47},"end":{"line":31,"column":56}}]}},"s":{"0":20,"1":20,"2":20,"3":0,"4":0,"5":0,"6":0,"7":0,"8":20,"9":20},"f":{"0":0,"1":0},"b":{"0":[0,0],"1":[0,0]}}
,"/home/runner/work/rive-backend/rive-backend/src/auth/auth.controller.ts": {"path":"/home/runner/work/rive-backend/rive-backend/src/auth/auth.controller.ts","statementMap":{"0":{"start":{"line":1,"column":0},"end":{"line":1,"column":99}},"1":{"start":{"line":2,"column":0},"end":{"line":2,"column":45}},"2":{"start":{"line":3,"column":0},"end":{"line":3,"column":84}},"3":{"start":{"line":5,"column":0},"end":{"line":5,"column":45}},"4":{"start":{"line":6,"column":0},"end":{"line":6,"column":62}},"5":{"start":{"line":7,"column":0},"end":{"line":7,"column":83}},"6":{"start":{"line":8,"column":0},"end":{"line":8,"column":62}},"7":{"start":{"line":9,"column":0},"end":{"line":9,"column":43}},"8":{"start":{"line":10,"column":0},"end":{"line":10,"column":58}},"9":{"start":{"line":11,"column":0},"end":{"line":11,"column":49}},"10":{"start":{"line":12,"column":0},"end":{"line":12,"column":60}},"11":{"start":{"line":13,"column":0},"end":{"line":13,"column":48}},"12":{"start":{"line":17,"column":7},"end":{"line":115,"column":null}},"13":{"start":{"line":18,"column":31},"end":{"line":18,"column":44}},"14":{"start":{"line":26,"column":4},"end":{"line":26,"column":42}},"15":{"start":{"line":35,"column":4},"end":{"line":35,"column":39}},"16":{"start":{"line":44,"column":4},"end":{"line":44,"column":54}},"17":{"start":{"line":53,"column":4},"end":{"line":53,"column":53}},"18":{"start":{"line":63,"column":4},"end":{"line":63,"column":66}},"19":{"start":{"line":71,"column":4},"end":{"line":71,"column":64}},"20":{"start":{"line":82,"column":4},"end":{"line":82,"column":44}},"21":{"start":{"line":94,"column":4},"end":{"line":94,"column":61}},"22":{"start":{"line":103,"column":4},"end":{"line":103,"column":54}},"23":{"start":{"line":113,"column":4},"end":{"line":113,"column":70}},"24":{"start":{"line":17,"column":13},"end":{"line":17,"column":27}},"25":{"start":{"line":25,"column":8},"end":{"line":27,"column":null}},"26":{"start":{"line":34,"column":8},"end":{"line":36,"column":null}},"27":{"start":{"line":43,"column":8},"end":{"line":45,"column":null}},"28":{"start":{"line":52,"column":8},"end":{"line":54,"column":null}},"29":{"start":{"line":62,"column":8},"end":{"line":64,"column":null}},"30":{"start":{"line":70,"column":8},"end":{"line":72,"column":null}},"31":{"start":{"line":81,"column":8},"end":{"line":83,"column":null}},"32":{"start":{"line":93,"column":8},"end":{"line":95,"column":null}},"33":{"start":{"line":102,"column":8},"end":{"line":104,"column":null}},"34":{"start":{"line":112,"column":8},"end":{"line":114,"column":null}},"35":{"start":{"line":17,"column":13},"end":{"line":115,"column":null}}},"fnMap":{"0":{"name":"(anonymous_4)","decl":{"start":{"line":18,"column":2},"end":{"line":18,"column":31}},"loc":{"start":{"line":18,"column":55},"end":{"line":18,"column":59}}},"1":{"name":"(anonymous_5)","decl":{"start":{"line":25,"column":8},"end":{"line":25,"column":16}},"loc":{"start":{"line":25,"column":41},"end":{"line":27,"column":3}}},"2":{"name":"(anonymous_6)","decl":{"start":{"line":34,"column":8},"end":{"line":34,"column":13}},"loc":{"start":{"line":34,"column":35},"end":{"line":36,"column":3}}},"3":{"name":"(anonymous_7)","decl":{"start":{"line":43,"column":8},"end":{"line":43,"column":15}},"loc":{"start":{"line":43,"column":44},"end":{"line":45,"column":3}}},"4":{"name":"(anonymous_8)","decl":{"start":{"line":52,"column":8},"end":{"line":52,"column":14}},"loc":{"start":{"line":52,"column":43},"end":{"line":54,"column":3}}},"5":{"name":"(anonymous_9)","decl":{"start":{"line":62,"column":8},"end":{"line":62,"column":32}},"loc":{"start":{"line":62,"column":79},"end":{"line":64,"column":3}}},"6":{"name":"(anonymous_10)","decl":{"start":{"line":70,"column":8},"end":{"line":70,"column":32}},"loc":{"start":{"line":70,"column":73},"end":{"line":72,"column":3}}},"7":{"name":"(anonymous_11)","decl":{"start":{"line":81,"column":8},"end":{"line":81,"column":10}},"loc":{"start":{"line":81,"column":57},"end":{"line":83,"column":3}}},"8":{"name":"(anonymous_12)","decl":{"start":{"line":93,"column":8},"end":{"line":93,"column":22}},"loc":{"start":{"line":93,"column":101},"end":{"line":95,"column":3}}},"9":{"name":"(anonymous_13)","decl":{"start":{"line":102,"column":8},"end":{"line":102,"column":22}},"loc":{"start":{"line":102,"column":53},"end":{"line":104,"column":3}}},"10":{"name":"(anonymous_14)","decl":{"start":{"line":112,"column":8},"end":{"line":112,"column":21}},"loc":{"start":{"line":112,"column":51},"end":{"line":114,"column":3}}}},"branchMap":{},"s":{"0":8,"1":8,"2":8,"3":8,"4":8,"5":8,"6":8,"7":8,"8":8,"9":8,"10":8,"11":8,"12":8,"13":0,"14":0,"15":0,"16":0,"17":0,"18":0,"19":0,"20":0,"21":0,"22":0,"23":0,"24":8,"25":8,"26":8,"27":8,"28":8,"29":8,"30":8,"31":8,"32":8,"33":8,"34":8,"35":8},"f":{"0":0,"1":0,"2":0,"3":0,"4":0,"5":0,"6":0,"7":0,"8":0,"9":0,"10":0},"b":{}}
,"/home/runner/work/rive-backend/rive-backend/src/auth/auth.module.ts": {"path":"/home/runner/work/rive-backend/rive-backend/src/auth/auth.module.ts","statementMap":{"0":{"start":{"line":1,"column":0},"end":{"line":1,"column":40}},"1":{"start":{"line":2,"column":0},"end":{"line":2,"column":40}},"2":{"start":{"line":3,"column":0},"end":{"line":3,"column":50}},"3":{"start":{"line":4,"column":0},"end":{"line":4,"column":69}},"4":{"start":{"line":5,"column":0},"end":{"line":5,"column":55}},"5":{"start":{"line":6,"column":0},"end":{"line":6,"column":51}},"6":{"start":{"line":7,"column":0},"end":{"line":7,"column":45}},"7":{"start":{"line":8,"column":0},"end":{"line":8,"column":48}},"8":{"start":{"line":9,"column":0},"end":{"line":9,"column":43}},"9":{"start":{"line":10,"column":0},"end":{"line":10,"column":45}},"10":{"start":{"line":12,"column":0},"end":{"line":14,"column":1}},"11":{"start":{"line":13,"column":2},"end":{"line":13,"column":88}},"12":{"start":{"line":16,"column":18},"end":{"line":16,"column":69}},"13":{"start":{"line":31,"column":7},"end":{"line":31,"column":null}},"14":{"start":{"line":31,"column":13},"end":{"line":31,"column":23}},"15":{"start":{"line":31,"column":13},"end":{"line":31,"column":null}}},"fnMap":{},"branchMap":{"0":{"loc":{"start":{"line":12,"column":0},"end":{"line":14,"column":1}},"type":"if","locations":[{"start":{"line":12,"column":0},"end":{"line":14,"column":1}},{"start":{},"end":{}}]},"1":{"loc":{"start":{"line":12,"column":4},"end":{"line":12,"column":56}},"type":"binary-expr","locations":[{"start":{"line":12,"column":4},"end":{"line":12,"column":29}},{"start":{"line":12,"column":33},"end":{"line":12,"column":56}}]},"2":{"loc":{"start":{"line":16,"column":18},"end":{"line":16,"column":69}},"type":"binary-expr","locations":[{"start":{"line":16,"column":18},"end":{"line":16,"column":40}},{"start":{"line":16,"column":44},"end":{"line":16,"column":69}}]},"3":{"loc":{"start":{"line":24,"column":33},"end":{"line":24,"column":67}},"type":"binary-expr","locations":[{"start":{"line":24,"column":33},"end":{"line":24,"column":59}},{"start":{"line":24,"column":63},"end":{"line":24,"column":67}}]}},"s":{"0":8,"1":8,"2":8,"3":8,"4":8,"5":8,"6":8,"7":8,"8":8,"9":8,"10":8,"11":3,"12":5,"13":5,"14":5,"15":5},"f":{},"b":{"0":[3,5],"1":[8,6],"2":[5,2],"3":[5,5]}}
,"/home/runner/work/rive-backend/rive-backend/src/auth/auth.service.ts": {"path":"/home/runner/work/rive-backend/rive-backend/src/auth/auth.service.ts","statementMap":{"0":{"start":{"line":1,"column":0},"end":{"line":1,"column":146}},"1":{"start":{"line":2,"column":0},"end":{"line":2,"column":41}},"2":{"start":{"line":4,"column":0},"end":{"line":4,"column":33}},"3":{"start":{"line":5,"column":0},"end":{"line":5,"column":33}},"4":{"start":{"line":6,"column":0},"end":{"line":6,"column":65}},"5":{"start":{"line":7,"column":0},"end":{"line":7,"column":69}},"6":{"start":{"line":8,"column":0},"end":{"line":8,"column":54}},"7":{"start":{"line":9,"column":0},"end":{"line":9,"column":57}},"8":{"start":{"line":16,"column":34},"end":{"line":16,"column":53}},"9":{"start":{"line":17,"column":30},"end":{"line":17,"column":44}},"10":{"start":{"line":18,"column":29},"end":{"line":18,"column":53}},"11":{"start":{"line":19,"column":34},"end":{"line":19,"column":35}},"12":{"start":{"line":20,"column":27},"end":{"line":20,"column":41}},"13":{"start":{"line":25,"column":30},"end":{"line":25,"column":85}},"14":{"start":{"line":27,"column":40},"end":{"line":27,"column":116}},"15":{"start":{"line":33,"column":7},"end":{"line":394,"column":null}},"16":{"start":{"line":35,"column":21},"end":{"line":35,"column":29}},"17":{"start":{"line":36,"column":21},"end":{"line":36,"column":33}},"18":{"start":{"line":37,"column":21},"end":{"line":37,"column":38}},"19":{"start":{"line":38,"column":21},"end":{"line":38,"column":35}},"20":{"start":{"line":51,"column":8},"end":{"line":51,"column":12}},"21":{"start":{"line":53,"column":4},"end":{"line":53,"column":20}},"22":{"start":{"line":57,"column":4},"end":{"line":63,"column":7}},"23":{"start":{"line":67,"column":4},"end":{"line":67,"column":67}},"24":{"start":{"line":71,"column":25},"end":{"line":71,"column":63}},"25":{"start":{"line":72,"column":4},"end":{"line":78,"column":7}},"26":{"start":{"line":80,"column":4},"end":{"line":84,"column":6}},"27":{"start":{"line":88,"column":25},"end":{"line":90,"column":6}},"28":{"start":{"line":92,"column":4},"end":{"line":94,"column":5}},"29":{"start":{"line":93,"column":6},"end":{"line":93,"column":57}},"30":{"start":{"line":96,"column":27},"end":{"line":96,"column":62}},"31":{"start":{"line":98,"column":17},"end":{"line":105,"column":6}},"32":{"start":{"line":107,"column":4},"end":{"line":107,"column":37}},"33":{"start":{"line":111,"column":28},"end":{"line":111,"column":51}},"34":{"start":{"line":112,"column":17},"end":{"line":114,"column":6}},"35":{"start":{"line":116,"column":4},"end":{"line":121,"column":5}},"36":{"start":{"line":119,"column":6},"end":{"line":119,"column":64}},"37":{"start":{"line":120,"column":6},"end":{"line":120,"column":61}},"38":{"start":{"line":123,"column":4},"end":{"line":126,"column":5}},"39":{"start":{"line":124,"column":6},"end":{"line":124,"column":64}},"40":{"start":{"line":125,"column":6},"end":{"line":125,"column":109}},"41":{"start":{"line":128,"column":28},"end":{"line":128,"column":81}},"42":{"start":{"line":130,"column":4},"end":{"line":156,"column":5}},"43":{"start":{"line":131,"column":34},"end":{"line":131,"column":62}},"44":{"start":{"line":132,"column":26},"end":{"line":132,"column":74}},"45":{"start":{"line":133,"column":6},"end":{"line":143,"column":9}},"46":{"start":{"line":145,"column":6},"end":{"line":153,"column":7}},"47":{"start":{"line":146,"column":8},"end":{"line":152,"column":11}},"48":{"start":{"line":155,"column":6},"end":{"line":155,"column":61}},"49":{"start":{"line":158,"column":30},"end":{"line":163,"column":12}},"50":{"start":{"line":165,"column":4},"end":{"line":165,"column":50}},"51":{"start":{"line":169,"column":22},"end":{"line":169,"column":50}},"52":{"start":{"line":171,"column":4},"end":{"line":191,"column":7}},"53":{"start":{"line":172,"column":26},"end":{"line":179,"column":8}},"54":{"start":{"line":181,"column":6},"end":{"line":183,"column":7}},"55":{"start":{"line":182,"column":8},"end":{"line":182,"column":76}},"56":{"start":{"line":185,"column":6},"end":{"line":188,"column":9}},"57":{"start":{"line":190,"column":6},"end":{"line":190,"column":55}},"58":{"start":{"line":195,"column":4},"end":{"line":201,"column":7}},"59":{"start":{"line":203,"column":4},"end":{"line":203,"column":29}},"60":{"start":{"line":207,"column":18},"end":{"line":207,"column":56}},"61":{"start":{"line":208,"column":22},"end":{"line":208,"column":70}},"62":{"start":{"line":211,"column":4},"end":{"line":221,"column":5}},"63":{"start":{"line":212,"column":6},"end":{"line":218,"column":9}},"64":{"start":{"line":220,"column":6},"end":{"line":220,"column":52}},"65":{"start":{"line":223,"column":4},"end":{"line":223,"column":74}},"66":{"start":{"line":225,"column":4},"end":{"line":229,"column":6}},"67":{"start":{"line":233,"column":17},"end":{"line":235,"column":6}},"68":{"start":{"line":237,"column":4},"end":{"line":239,"column":5}},"69":{"start":{"line":238,"column":6},"end":{"line":238,"column":72}},"70":{"start":{"line":241,"column":4},"end":{"line":243,"column":5}},"71":{"start":{"line":242,"column":6},"end":{"line":242,"column":76}},"72":{"start":{"line":245,"column":4},"end":{"line":252,"column":7}},"73":{"start":{"line":254,"column":4},"end":{"line":254,"column":55}},"74":{"start":{"line":258,"column":17},"end":{"line":258,"column":77}},"75":{"start":{"line":260,"column":4},"end":{"line":262,"column":5}},"76":{"start":{"line":261,"column":6},"end":{"line":261,"column":52}},"77":{"start":{"line":264,"column":35},"end":{"line":264,"column":95}},"78":{"start":{"line":265,"column":4},"end":{"line":267,"column":5}},"79":{"start":{"line":266,"column":6},"end":{"line":266,"column":71}},"80":{"start":{"line":269,"column":28},"end":{"line":269,"column":66}},"81":{"start":{"line":271,"column":4},"end":{"line":280,"column":7}},"82":{"start":{"line":272,"column":6},"end":{"line":275,"column":9}},"83":{"start":{"line":276,"column":6},"end":{"line":279,"column":9}},"84":{"start":{"line":282,"column":4},"end":{"line":288,"column":7}},"85":{"start":{"line":290,"column":4},"end":{"line":290,"column":78}},"86":{"start":{"line":294,"column":28},"end":{"line":294,"column":47}},"87":{"start":{"line":295,"column":17},"end":{"line":295,"column":89}},"88":{"start":{"line":299,"column":4},"end":{"line":301,"column":5}},"89":{"start":{"line":300,"column":6},"end":{"line":300,"column":58}},"90":{"start":{"line":303,"column":18},"end":{"line":303,"column":56}},"91":{"start":{"line":304,"column":22},"end":{"line":304,"column":66}},"92":{"start":{"line":306,"column":4},"end":{"line":312,"column":7}},"93":{"start":{"line":314,"column":4},"end":{"line":314,"column":70}},"94":{"start":{"line":316,"column":4},"end":{"line":322,"column":7}},"95":{"start":{"line":324,"column":4},"end":{"line":327,"column":6}},"96":{"start":{"line":331,"column":17},"end":{"line":333,"column":6}},"97":{"start":{"line":335,"column":4},"end":{"line":337,"column":5}},"98":{"start":{"line":336,"column":6},"end":{"line":336,"column":68}},"99":{"start":{"line":339,"column":4},"end":{"line":341,"column":5}},"100":{"start":{"line":340,"column":6},"end":{"line":340,"column":72}},"101":{"start":{"line":343,"column":28},"end":{"line":343,"column":62}},"102":{"start":{"line":345,"column":4},"end":{"line":358,"column":7}},"103":{"start":{"line":346,"column":6},"end":{"line":353,"column":9}},"104":{"start":{"line":354,"column":6},"end":{"line":357,"column":9}},"105":{"start":{"line":360,"column":4},"end":{"line":366,"column":7}},"106":{"start":{"line":368,"column":4},"end":{"line":368,"column":76}},"107":{"start":{"line":372,"column":17},"end":{"line":374,"column":6}},"108":{"start":{"line":376,"column":4},"end":{"line":378,"column":5}},"109":{"start":{"line":377,"column":6},"end":{"line":377,"column":18}},"110":{"start":{"line":380,"column":4},"end":{"line":380,"column":35}},"111":{"start":{"line":384,"column":17},"end":{"line":386,"column":6}},"112":{"start":{"line":388,"column":4},"end":{"line":390,"column":5}},"113":{"start":{"line":389,"column":6},"end":{"line":389,"column":56}},"114":{"start":{"line":392,"column":4},"end":{"line":392,"column":35}},"115":{"start":{"line":33,"column":13},"end":{"line":33,"column":24}},"116":{"start":{"line":33,"column":13},"end":{"line":394,"column":null}}},"fnMap":{"0":{"name":"(anonymous_11)","decl":{"start":{"line":34,"column":2},"end":{"line":34,"column":null}},"loc":{"start":{"line":38,"column":47},"end":{"line":39,"column":6}}},"1":{"name":"(anonymous_12)","decl":{"start":{"line":41,"column":10},"end":{"line":41,"column":22}},"loc":{"start":{"line":41,"column":33},"end":{"line":54,"column":3}}},"2":{"name":"(anonymous_13)","decl":{"start":{"line":56,"column":10},"end":{"line":56,"column":25}},"loc":{"start":{"line":56,"column":36},"end":{"line":64,"column":3}}},"3":{"name":"(anonymous_14)","decl":{"start":{"line":66,"column":10},"end":{"line":66,"column":19}},"loc":{"start":{"line":66,"column":33},"end":{"line":68,"column":3}}},"4":{"name":"(anonymous_15)","decl":{"start":{"line":70,"column":10},"end":{"line":70,"column":15}},"loc":{"start":{"line":70,"column":75},"end":{"line":85,"column":3}}},"5":{"name":"(anonymous_16)","decl":{"start":{"line":87,"column":2},"end":{"line":87,"column":7}},"loc":{"start":{"line":87,"column":33},"end":{"line":108,"column":3}}},"6":{"name":"(anonymous_17)","decl":{"start":{"line":110,"column":2},"end":{"line":110,"column":7}},"loc":{"start":{"line":110,"column":27},"end":{"line":166,"column":3}}},"7":{"name":"(anonymous_18)","decl":{"start":{"line":168,"column":2},"end":{"line":168,"column":7}},"loc":{"start":{"line":168,"column":36},"end":{"line":192,"column":3}}},"8":{"name":"(anonymous_19)","decl":{"start":{"line":171,"column":36},"end":{"line":171,"column":41}},"loc":{"start":{"line":171,"column":49},"end":{"line":191,"column":5}}},"9":{"name":"(anonymous_20)","decl":{"start":{"line":194,"column":2},"end":{"line":194,"column":7}},"loc":{"start":{"line":194,"column":35},"end":{"line":204,"column":3}}},"10":{"name":"(anonymous_21)","decl":{"start":{"line":206,"column":2},"end":{"line":206,"column":7}},"loc":{"start":{"line":206,"column":47},"end":{"line":230,"column":3}}},"11":{"name":"(anonymous_22)","decl":{"start":{"line":232,"column":2},"end":{"line":232,"column":7}},"loc":{"start":{"line":232,"column":46},"end":{"line":255,"column":3}}},"12":{"name":"(anonymous_23)","decl":{"start":{"line":257,"column":2},"end":{"line":257,"column":7}},"loc":{"start":{"line":257,"column":61},"end":{"line":291,"column":3}}},"13":{"name":"(anonymous_24)","decl":{"start":{"line":271,"column":35},"end":{"line":271,"column":40}},"loc":{"start":{"line":271,"column":48},"end":{"line":280,"column":5}}},"14":{"name":"(anonymous_25)","decl":{"start":{"line":293,"column":2},"end":{"line":293,"column":7}},"loc":{"start":{"line":293,"column":36},"end":{"line":328,"column":3}}},"15":{"name":"(anonymous_26)","decl":{"start":{"line":330,"column":2},"end":{"line":330,"column":7}},"loc":{"start":{"line":330,"column":56},"end":{"line":369,"column":3}}},"16":{"name":"(anonymous_27)","decl":{"start":{"line":345,"column":35},"end":{"line":345,"column":40}},"loc":{"start":{"line":345,"column":48},"end":{"line":358,"column":5}}},"17":{"name":"(anonymous_28)","decl":{"start":{"line":371,"column":2},"end":{"line":371,"column":7}},"loc":{"start":{"line":371,"column":35},"end":{"line":381,"column":3}}},"18":{"name":"(anonymous_29)","decl":{"start":{"line":383,"column":2},"end":{"line":383,"column":7}},"loc":{"start":{"line":383,"column":25},"end":{"line":393,"column":3}}}},"branchMap":{"0":{"loc":{"start":{"line":70,"column":43},"end":{"line":70,"column":75}},"type":"default-arg","locations":[{"start":{"line":70,"column":64},"end":{"line":70,"column":75}}]},"1":{"loc":{"start":{"line":92,"column":4},"end":{"line":94,"column":5}},"type":"if","locations":[{"start":{"line":92,"column":4},"end":{"line":94,"column":5}},{"start":{},"end":{}}]},"2":{"loc":{"start":{"line":116,"column":4},"end":{"line":121,"column":5}},"type":"if","locations":[{"start":{"line":116,"column":4},"end":{"line":121,"column":5}},{"start":{},"end":{}}]},"3":{"loc":{"start":{"line":123,"column":4},"end":{"line":126,"column":5}},"type":"if","locations":[{"start":{"line":123,"column":4},"end":{"line":126,"column":5}},{"start":{},"end":{}}]},"4":{"loc":{"start":{"line":123,"column":8},"end":{"line":123,"column":57}},"type":"binary-expr","locations":[{"start":{"line":123,"column":8},"end":{"line":123,"column":24}},{"start":{"line":123,"column":28},"end":{"line":123,"column":57}}]},"5":{"loc":{"start":{"line":130,"column":4},"end":{"line":156,"column":5}},"type":"if","locations":[{"start":{"line":130,"column":4},"end":{"line":156,"column":5}},{"start":{},"end":{}}]},"6":{"loc":{"start":{"line":135,"column":14},"end":{"line":142,"column":null}},"type":"cond-expr","locations":[{"start":{"line":136,"column":12},"end":{"line":139,"column":null}},{"start":{"line":140,"column":12},"end":{"line":142,"column":null}}]},"7":{"loc":{"start":{"line":145,"column":6},"end":{"line":153,"column":7}},"type":"if","locations":[{"start":{"line":145,"column":6},"end":{"line":153,"column":7}},{"start":{},"end":{}}]},"8":{"loc":{"start":{"line":158,"column":30},"end":{"line":163,"column":12}},"type":"cond-expr","locations":[{"start":{"line":159,"column":8},"end":{"line":162,"column":10}},{"start":{"line":163,"column":8},"end":{"line":163,"column":12}}]},"9":{"loc":{"start":{"line":158,"column":30},"end":{"line":158,"column":78}},"type":"binary-expr","locations":[{"start":{"line":158,"column":30},"end":{"line":158,"column":58}},{"start":{"line":158,"column":62},"end":{"line":158,"column":78}}]},"10":{"loc":{"start":{"line":181,"column":6},"end":{"line":183,"column":7}},"type":"if","locations":[{"start":{"line":181,"column":6},"end":{"line":183,"column":7}},{"start":{},"end":{}}]},"11":{"loc":{"start":{"line":226,"column":10},"end":{"line":226,"column":51}},"type":"cond-expr","locations":[{"start":{"line":226,"column":37},"end":{"line":226,"column":46}},{"start":{"line":226,"column":49},"end":{"line":226,"column":51}}]},"12":{"loc":{"start":{"line":237,"column":4},"end":{"line":239,"column":5}},"type":"if","locations":[{"start":{"line":237,"column":4},"end":{"line":239,"column":5}},{"start":{},"end":{}}]},"13":{"loc":{"start":{"line":241,"column":4},"end":{"line":243,"column":5}},"type":"if","locations":[{"start":{"line":241,"column":4},"end":{"line":243,"column":5}},{"start":{},"end":{}}]},"14":{"loc":{"start":{"line":241,"column":8},"end":{"line":241,"column":89}},"type":"binary-expr","locations":[{"start":{"line":241,"column":8},"end":{"line":241,"column":40}},{"start":{"line":241,"column":44},"end":{"line":241,"column":89}}]},"15":{"loc":{"start":{"line":260,"column":4},"end":{"line":262,"column":5}},"type":"if","locations":[{"start":{"line":260,"column":4},"end":{"line":262,"column":5}},{"start":{},"end":{}}]},"16":{"loc":{"start":{"line":265,"column":4},"end":{"line":267,"column":5}},"type":"if","locations":[{"start":{"line":265,"column":4},"end":{"line":267,"column":5}},{"start":{},"end":{}}]},"17":{"loc":{"start":{"line":299,"column":4},"end":{"line":301,"column":5}},"type":"if","locations":[{"start":{"line":299,"column":4},"end":{"line":301,"column":5}},{"start":{},"end":{}}]},"18":{"loc":{"start":{"line":326,"column":10},"end":{"line":326,"column":62}},"type":"cond-expr","locations":[{"start":{"line":326,"column":37},"end":{"line":326,"column":57}},{"start":{"line":326,"column":60},"end":{"line":326,"column":62}}]},"19":{"loc":{"start":{"line":335,"column":4},"end":{"line":337,"column":5}},"type":"if","locations":[{"start":{"line":335,"column":4},"end":{"line":337,"column":5}},{"start":{},"end":{}}]},"20":{"loc":{"start":{"line":339,"column":4},"end":{"line":341,"column":5}},"type":"if","locations":[{"start":{"line":339,"column":4},"end":{"line":341,"column":5}},{"start":{},"end":{}}]},"21":{"loc":{"start":{"line":339,"column":8},"end":{"line":339,"column":81}},"type":"binary-expr","locations":[{"start":{"line":339,"column":8},"end":{"line":339,"column":36}},{"start":{"line":339,"column":40},"end":{"line":339,"column":81}}]},"22":{"loc":{"start":{"line":376,"column":4},"end":{"line":378,"column":5}},"type":"if","locations":[{"start":{"line":376,"column":4},"end":{"line":378,"column":5}},{"start":{},"end":{}}]},"23":{"loc":{"start":{"line":388,"column":4},"end":{"line":390,"column":5}},"type":"if","locations":[{"start":{"line":388,"column":4},"end":{"line":390,"column":5}},{"start":{},"end":{}}]}},"s":{"0":10,"1":10,"2":10,"3":10,"4":10,"5":10,"6":10,"7":10,"8":10,"9":10,"10":10,"11":10,"12":10,"13":10,"14":10,"15":10,"16":12,"17":12,"18":12,"19":12,"20":3,"21":3,"22":3,"23":10,"24":3,"25":3,"26":3,"27":2,"28":2,"29":1,"30":1,"31":1,"32":1,"33":5,"34":5,"35":5,"36":1,"37":1,"38":4,"39":1,"40":1,"41":3,"42":3,"43":2,"44":2,"45":2,"46":2,"47":1,"48":2,"49":1,"50":1,"51":3,"52":3,"53":3,"54":3,"55":2,"56":1,"57":1,"58":0,"59":0,"60":0,"61":0,"62":0,"63":0,"64":0,"65":0,"66":0,"67":0,"68":0,"69":0,"70":0,"71":0,"72":0,"73":0,"74":2,"75":2,"76":0,"77":2,"78":2,"79":1,"80":1,"81":1,"82":1,"83":1,"84":1,"85":1,"86":2,"87":2,"88":2,"89":1,"90":1,"91":1,"92":1,"93":1,"94":1,"95":1,"96":3,"97":3,"98":1,"99":2,"100":1,"101":1,"102":1,"103":1,"104":1,"105":1,"106":1,"107":0,"108":0,"109":0,"110":0,"111":0,"112":0,"113":0,"114":0,"115":10,"116":10},"f":{"0":12,"1":3,"2":3,"3":10,"4":3,"5":2,"6":5,"7":3,"8":3,"9":0,"10":0,"11":0,"12":2,"13":1,"14":2,"15":3,"16":1,"17":0,"18":0},"b":{"0":[2],"1":[1,1],"2":[1,4],"3":[1,3],"4":[4,1],"5":[2,1],"6":[1,1],"7":[1,1],"8":[0,1],"9":[1,1],"10":[2,1],"11":[0,0],"12":[0,0],"13":[0,0],"14":[0,0],"15":[0,2],"16":[1,1],"17":[1,1],"18":[1,0],"19":[1,2],"20":[1,1],"21":[2,2],"22":[0,0],"23":[0,0]}}
,"/home/runner/work/rive-backend/rive-backend/src/auth/jwt-auth.guard.ts": {"path":"/home/runner/work/rive-backend/rive-backend/src/auth/jwt-auth.guard.ts","statementMap":{"0":{"start":{"line":1,"column":0},"end":{"line":1,"column":85}},"1":{"start":{"line":2,"column":0},"end":{"line":2,"column":45}},"2":{"start":{"line":5,"column":7},"end":{"line":13,"column":null}},"3":{"start":{"line":7,"column":4},"end":{"line":9,"column":5}},"4":{"start":{"line":8,"column":6},"end":{"line":8,"column":61}},"5":{"start":{"line":11,"column":4},"end":{"line":11,"column":16}},"6":{"start":{"line":5,"column":13},"end":{"line":5,"column":25}},"7":{"start":{"line":5,"column":13},"end":{"line":13,"column":null}}},"fnMap":{"0":{"name":"(anonymous_1)","decl":{"start":{"line":6,"column":2},"end":{"line":6,"column":15}},"loc":{"start":{"line":6,"column":75},"end":{"line":12,"column":3}}}},"branchMap":{"0":{"loc":{"start":{"line":7,"column":4},"end":{"line":9,"column":5}},"type":"if","locations":[{"start":{"line":7,"column":4},"end":{"line":9,"column":5}},{"start":{},"end":{}}]},"1":{"loc":{"start":{"line":7,"column":8},"end":{"line":7,"column":20}},"type":"binary-expr","locations":[{"start":{"line":7,"column":8},"end":{"line":7,"column":11}},{"start":{"line":7,"column":15},"end":{"line":7,"column":20}}]},"2":{"loc":{"start":{"line":8,"column":12},"end":{"line":8,"column":60}},"type":"binary-expr","locations":[{"start":{"line":8,"column":12},"end":{"line":8,"column":15}},{"start":{"line":8,"column":19},"end":{"line":8,"column":60}}]}},"s":{"0":9,"1":9,"2":9,"3":0,"4":0,"5":0,"6":9,"7":9},"f":{"0":0},"b":{"0":[0,0],"1":[0,0],"2":[0,0]}}
,"/home/runner/work/rive-backend/rive-backend/src/auth/jwt.strategy.ts": {"path":"/home/runner/work/rive-backend/rive-backend/src/auth/jwt.strategy.ts","statementMap":{"0":{"start":{"line":1,"column":0},"end":{"line":1,"column":75}},"1":{"start":{"line":2,"column":0},"end":{"line":2,"column":52}},"2":{"start":{"line":3,"column":0},"end":{"line":3,"column":52}},"3":{"start":{"line":4,"column":0},"end":{"line":4,"column":69}},"4":{"start":{"line":5,"column":0},"end":{"line":5,"column":45}},"5":{"start":{"line":7,"column":18},"end":{"line":7,"column":69}},"6":{"start":{"line":10,"column":24},"end":{"line":44,"column":null}},"7":{"start":{"line":11,"column":28},"end":{"line":11,"column":56}},"8":{"start":{"line":14,"column":4},"end":{"line":18,"column":7}},"9":{"start":{"line":13,"column":31},"end":{"line":13,"column":44}},"10":{"start":{"line":20,"column":4},"end":{"line":23,"column":5}},"11":{"start":{"line":21,"column":6},"end":{"line":21,"column":95}},"12":{"start":{"line":22,"column":6},"end":{"line":22,"column":92}},"13":{"start":{"line":27,"column":19},"end":{"line":27,"column":62}},"14":{"start":{"line":28,"column":4},"end":{"line":30,"column":5}},"15":{"start":{"line":29,"column":6},"end":{"line":29,"column":63}},"16":{"start":{"line":32,"column":17},"end":{"line":32,"column":60}},"17":{"start":{"line":33,"column":4},"end":{"line":35,"column":5}},"18":{"start":{"line":34,"column":6},"end":{"line":34,"column":63}},"19":{"start":{"line":37,"column":4},"end":{"line":42,"column":6}},"20":{"start":{"line":10,"column":13},"end":{"line":10,"column":24}},"21":{"start":{"line":10,"column":13},"end":{"line":44,"column":null}}},"fnMap":{"0":{"name":"(anonymous_2)","decl":{"start":{"line":13,"column":2},"end":{"line":13,"column":31}},"loc":{"start":{"line":13,"column":55},"end":{"line":24,"column":3}}},"1":{"name":"(anonymous_3)","decl":{"start":{"line":26,"column":2},"end":{"line":26,"column":7}},"loc":{"start":{"line":26,"column":103},"end":{"line":43,"column":3}}}},"branchMap":{"0":{"loc":{"start":{"line":7,"column":18},"end":{"line":7,"column":69}},"type":"binary-expr","locations":[{"start":{"line":7,"column":18},"end":{"line":7,"column":40}},{"start":{"line":7,"column":44},"end":{"line":7,"column":69}}]},"1":{"loc":{"start":{"line":20,"column":4},"end":{"line":23,"column":5}},"type":"if","locations":[{"start":{"line":20,"column":4},"end":{"line":23,"column":5}},{"start":{},"end":{}}]},"2":{"loc":{"start":{"line":20,"column":8},"end":{"line":20,"column":60}},"type":"binary-expr","locations":[{"start":{"line":20,"column":8},"end":{"line":20,"column":33}},{"start":{"line":20,"column":37},"end":{"line":20,"column":60}}]},"3":{"loc":{"start":{"line":27,"column":19},"end":{"line":27,"column":62}},"type":"binary-expr","locations":[{"start":{"line":27,"column":19},"end":{"line":27,"column":33}},{"start":{"line":27,"column":37},"end":{"line":27,"column":48}},{"start":{"line":27,"column":52},"end":{"line":27,"column":62}}]},"4":{"loc":{"start":{"line":28,"column":4},"end":{"line":30,"column":5}},"type":"if","locations":[{"start":{"line":28,"column":4},"end":{"line":30,"column":5}},{"start":{},"end":{}}]},"5":{"loc":{"start":{"line":33,"column":4},"end":{"line":35,"column":5}},"type":"if","locations":[{"start":{"line":33,"column":4},"end":{"line":35,"column":5}},{"start":{},"end":{}}]}},"s":{"0":9,"1":9,"2":9,"3":9,"4":9,"5":9,"6":9,"7":4,"8":4,"9":4,"10":4,"11":0,"12":0,"13":4,"14":4,"15":1,"16":3,"17":3,"18":1,"19":2,"20":9,"21":9},"f":{"0":4,"1":4},"b":{"0":[9,6],"1":[0,4],"2":[4,0],"3":[4,2,1],"4":[1,3],"5":[1,2]}}
,"/home/runner/work/rive-backend/rive-backend/src/auth/optional-jwt-auth.guard.ts": {"path":"/home/runner/work/rive-backend/rive-backend/src/auth/optional-jwt-auth.guard.ts","statementMap":{"0":{"start":{"line":1,"column":0},"end":{"line":1,"column":85}},"1":{"start":{"line":2,"column":0},"end":{"line":2,"column":45}},"2":{"start":{"line":5,"column":7},"end":{"line":17,"column":null}},"3":{"start":{"line":7,"column":26},"end":{"line":7,"column":83}},"4":{"start":{"line":8,"column":4},"end":{"line":8,"column":61}},"5":{"start":{"line":12,"column":4},"end":{"line":14,"column":5}},"6":{"start":{"line":13,"column":6},"end":{"line":13,"column":61}},"7":{"start":{"line":15,"column":4},"end":{"line":15,"column":16}},"8":{"start":{"line":5,"column":13},"end":{"line":5,"column":33}},"9":{"start":{"line":5,"column":13},"end":{"line":17,"column":null}}},"fnMap":{"0":{"name":"(anonymous_1)","decl":{"start":{"line":6,"column":2},"end":{"line":6,"column":13}},"loc":{"start":{"line":6,"column":39},"end":{"line":9,"column":3}}},"1":{"name":"(anonymous_2)","decl":{"start":{"line":11,"column":2},"end":{"line":11,"column":15}},"loc":{"start":{"line":11,"column":105},"end":{"line":16,"column":3}}}},"branchMap":{"0":{"loc":{"start":{"line":8,"column":11},"end":{"line":8,"column":60}},"type":"cond-expr","locations":[{"start":{"line":8,"column":27},"end":{"line":8,"column":53}},{"start":{"line":8,"column":56},"end":{"line":8,"column":60}}]},"1":{"loc":{"start":{"line":12,"column":4},"end":{"line":14,"column":5}},"type":"if","locations":[{"start":{"line":12,"column":4},"end":{"line":14,"column":5}},{"start":{},"end":{}}]},"2":{"loc":{"start":{"line":12,"column":8},"end":{"line":12,"column":20}},"type":"binary-expr","locations":[{"start":{"line":12,"column":8},"end":{"line":12,"column":11}},{"start":{"line":12,"column":15},"end":{"line":12,"column":20}}]},"3":{"loc":{"start":{"line":13,"column":12},"end":{"line":13,"column":60}},"type":"binary-expr","locations":[{"start":{"line":13,"column":12},"end":{"line":13,"column":15}},{"start":{"line":13,"column":19},"end":{"line":13,"column":60}}]}},"s":{"0":3,"1":3,"2":3,"3":0,"4":0,"5":0,"6":0,"7":0,"8":3,"9":3},"f":{"0":0,"1":0},"b":{"0":[0,0],"1":[0,0],"2":[0,0],"3":[0,0]}}
,"/home/runner/work/rive-backend/rive-backend/src/auth/roles.decorator.ts": {"path":"/home/runner/work/rive-backend/rive-backend/src/auth/roles.decorator.ts","statementMap":{"0":{"start":{"line":1,"column":0},"end":{"line":1,"column":45}},"1":{"start":{"line":3,"column":13},"end":{"line":3,"column":33}},"2":{"start":{"line":5,"column":21},"end":{"line":5,"column":72}},"3":{"start":{"line":5,"column":43},"end":{"line":5,"column":72}},"4":{"start":{"line":5,"column":13},"end":{"line":5,"column":21}}},"fnMap":{"0":{"name":"(anonymous_0)","decl":{"start":{"line":5,"column":21},"end":{"line":5,"column":22}},"loc":{"start":{"line":5,"column":43},"end":{"line":5,"column":72}}}},"branchMap":{},"s":{"0":10,"1":10,"2":10,"3":2,"4":10},"f":{"0":2},"b":{}}
,"/home/runner/work/rive-backend/rive-backend/src/auth/roles.guard.ts": {"path":"/home/runner/work/rive-backend/rive-backend/src/auth/roles.guard.ts","statementMap":{"0":{"start":{"line":1,"column":0},"end":{"line":1,"column":95}},"1":{"start":{"line":2,"column":0},"end":{"line":2,"column":41}},"2":{"start":{"line":3,"column":0},"end":{"line":3,"column":52}},"3":{"start":{"line":6,"column":7},"end":{"line":34,"column":null}},"4":{"start":{"line":7,"column":31},"end":{"line":7,"column":42}},"5":{"start":{"line":10,"column":26},"end":{"line":13,"column":6}},"6":{"start":{"line":15,"column":4},"end":{"line":17,"column":5}},"7":{"start":{"line":16,"column":6},"end":{"line":16,"column":18}},"8":{"start":{"line":19,"column":20},"end":{"line":19,"column":55}},"9":{"start":{"line":20,"column":17},"end":{"line":20,"column":29}},"10":{"start":{"line":22,"column":4},"end":{"line":24,"column":5}},"11":{"start":{"line":23,"column":6},"end":{"line":23,"column":52}},"12":{"start":{"line":26,"column":20},"end":{"line":26,"column":53}},"13":{"start":{"line":28,"column":4},"end":{"line":30,"column":5}},"14":{"start":{"line":29,"column":6},"end":{"line":29,"column":58}},"15":{"start":{"line":32,"column":4},"end":{"line":32,"column":16}},"16":{"start":{"line":6,"column":13},"end":{"line":6,"column":23}},"17":{"start":{"line":6,"column":13},"end":{"line":34,"column":null}}},"fnMap":{"0":{"name":"(anonymous_2)","decl":{"start":{"line":7,"column":2},"end":{"line":7,"column":31}},"loc":{"start":{"line":7,"column":51},"end":{"line":7,"column":55}}},"1":{"name":"(anonymous_3)","decl":{"start":{"line":9,"column":2},"end":{"line":9,"column":13}},"loc":{"start":{"line":9,"column":39},"end":{"line":33,"column":3}}}},"branchMap":{"0":{"loc":{"start":{"line":15,"column":4},"end":{"line":17,"column":5}},"type":"if","locations":[{"start":{"line":15,"column":4},"end":{"line":17,"column":5}},{"start":{},"end":{}}]},"1":{"loc":{"start":{"line":15,"column":8},"end":{"line":15,"column":52}},"type":"binary-expr","locations":[{"start":{"line":15,"column":8},"end":{"line":15,"column":22}},{"start":{"line":15,"column":26},"end":{"line":15,"column":52}}]},"2":{"loc":{"start":{"line":22,"column":4},"end":{"line":24,"column":5}},"type":"if","locations":[{"start":{"line":22,"column":4},"end":{"line":24,"column":5}},{"start":{},"end":{}}]},"3":{"loc":{"start":{"line":22,"column":8},"end":{"line":22,"column":27}},"type":"binary-expr","locations":[{"start":{"line":22,"column":8},"end":{"line":22,"column":13}},{"start":{"line":22,"column":17},"end":{"line":22,"column":27}}]},"4":{"loc":{"start":{"line":28,"column":4},"end":{"line":30,"column":5}},"type":"if","locations":[{"start":{"line":28,"column":4},"end":{"line":30,"column":5}},{"start":{},"end":{}}]}},"s":{"0":10,"1":10,"2":10,"3":10,"4":4,"5":4,"6":4,"7":1,"8":3,"9":3,"10":3,"11":1,"12":2,"13":2,"14":1,"15":1,"16":10,"17":10},"f":{"0":4,"1":4},"b":{"0":[1,3],"1":[4,3],"2":[1,2],"3":[3,3],"4":[1,1]}}
,"/home/runner/work/rive-backend/rive-backend/src/auth/dto/change-password.dto.ts": {"path":"/home/runner/work/rive-backend/rive-backend/src/auth/dto/change-password.dto.ts","statementMap":{"0":{"start":{"line":1,"column":0},"end":{"line":1,"column":46}},"1":{"start":{"line":2,"column":0},"end":{"line":2,"column":86}},"2":{"start":{"line":4,"column":0},"end":{"line":4,"column":13}},"3":{"start":{"line":9,"column":2},"end":{"line":9,"column":null}},"4":{"start":{"line":19,"column":2},"end":{"line":19,"column":null}}},"fnMap":{},"branchMap":{},"s":{"0":8,"1":8,"2":8,"3":8,"4":8},"f":{},"b":{}}
,"/home/runner/work/rive-backend/rive-backend/src/auth/dto/confirm-email-verification.dto.ts": {"path":"/home/runner/work/rive-backend/rive-backend/src/auth/dto/confirm-email-verification.dto.ts","statementMap":{"0":{"start":{"line":1,"column":0},"end":{"line":1,"column":46}},"1":{"start":{"line":2,"column":0},"end":{"line":2,"column":66}},"2":{"start":{"line":4,"column":0},"end":{"line":4,"column":13}},"3":{"start":{"line":9,"column":2},"end":{"line":9,"column":null}}},"fnMap":{},"branchMap":{},"s":{"0":8,"1":8,"2":8,"3":8},"f":{},"b":{}}
,"/home/runner/work/rive-backend/rive-backend/src/auth/dto/forgot-password.dto.ts": {"path":"/home/runner/work/rive-backend/rive-backend/src/auth/dto/forgot-password.dto.ts","statementMap":{"0":{"start":{"line":1,"column":0},"end":{"line":1,"column":46}},"1":{"start":{"line":2,"column":0},"end":{"line":2,"column":63}},"2":{"start":{"line":4,"column":0},"end":{"line":4,"column":13}},"3":{"start":{"line":9,"column":2},"end":{"line":9,"column":null}}},"fnMap":{},"branchMap":{},"s":{"0":8,"1":8,"2":8,"3":8},"f":{},"b":{}}
,"/home/runner/work/rive-backend/rive-backend/src/auth/dto/login.dto.ts": {"path":"/home/runner/work/rive-backend/rive-backend/src/auth/dto/login.dto.ts","statementMap":{"0":{"start":{"line":1,"column":0},"end":{"line":1,"column":46}},"1":{"start":{"line":2,"column":0},"end":{"line":2,"column":64}},"2":{"start":{"line":4,"column":0},"end":{"line":4,"column":13}},"3":{"start":{"line":7,"column":2},"end":{"line":7,"column":null}},"4":{"start":{"line":12,"column":2},"end":{"line":12,"column":null}}},"fnMap":{},"branchMap":{},"s":{"0":8,"1":8,"2":8,"3":8,"4":8},"f":{},"b":{}}
,"/home/runner/work/rive-backend/rive-backend/src/auth/dto/refresh-token.dto.ts": {"path":"/home/runner/work/rive-backend/rive-backend/src/auth/dto/refresh-token.dto.ts","statementMap":{"0":{"start":{"line":1,"column":0},"end":{"line":1,"column":46}},"1":{"start":{"line":2,"column":0},"end":{"line":2,"column":66}},"2":{"start":{"line":4,"column":0},"end":{"line":4,"column":13}},"3":{"start":{"line":9,"column":2},"end":{"line":9,"column":null}}},"fnMap":{},"branchMap":{},"s":{"0":8,"1":8,"2":8,"3":8},"f":{},"b":{}}
,"/home/runner/work/rive-backend/rive-backend/src/auth/dto/register.dto.ts": {"path":"/home/runner/work/rive-backend/rive-backend/src/auth/dto/register.dto.ts","statementMap":{"0":{"start":{"line":1,"column":0},"end":{"line":1,"column":46}},"1":{"start":{"line":2,"column":0},"end":{"line":2,"column":95}},"2":{"start":{"line":4,"column":0},"end":{"line":4,"column":13}},"3":{"start":{"line":10,"column":2},"end":{"line":10,"column":null}},"4":{"start":{"line":17,"column":2},"end":{"line":17,"column":null}},"5":{"start":{"line":27,"column":2},"end":{"line":27,"column":null}}},"fnMap":{},"branchMap":{},"s":{"0":9,"1":9,"2":9,"3":9,"4":9,"5":9},"f":{},"b":{}}
,"/home/runner/work/rive-backend/rive-backend/src/auth/dto/reset-password.dto.ts": {"path":"/home/runner/work/rive-backend/rive-backend/src/auth/dto/reset-password.dto.ts","statementMap":{"0":{"start":{"line":1,"column":0},"end":{"line":1,"column":46}},"1":{"start":{"line":2,"column":0},"end":{"line":2,"column":86}},"2":{"start":{"line":4,"column":0},"end":{"line":4,"column":13}},"3":{"start":{"line":9,"column":2},"end":{"line":9,"column":null}},"4":{"start":{"line":19,"column":2},"end":{"line":19,"column":null}}},"fnMap":{},"branchMap":{},"s":{"0":8,"1":8,"2":8,"3":8,"4":8},"f":{},"b":{}}
,"/home/runner/work/rive-backend/rive-backend/src/categories/categories.service.ts": {"path":"/home/runner/work/rive-backend/rive-backend/src/categories/categories.service.ts","statementMap":{"0":{"start":{"line":1,"column":0},"end":{"line":1,"column":82}},"1":{"start":{"line":3,"column":0},"end":{"line":3,"column":65}},"2":{"start":{"line":4,"column":0},"end":{"line":4,"column":57}},"3":{"start":{"line":5,"column":0},"end":{"line":5,"column":101}},"4":{"start":{"line":9,"column":7},"end":{"line":119,"column":null}},"5":{"start":{"line":11,"column":21},"end":{"line":11,"column":29}},"6":{"start":{"line":12,"column":21},"end":{"line":12,"column":38}},"7":{"start":{"line":16,"column":40},"end":{"line":16,"column":69}},"8":{"start":{"line":17,"column":45},"end":{"line":19,"column":53}},"9":{"start":{"line":20,"column":26},"end":{"line":33,"column":6}},"10":{"start":{"line":34,"column":4},"end":{"line":34,"column":67}},"11":{"start":{"line":38,"column":45},"end":{"line":49,"column":6}},"12":{"start":{"line":51,"column":21},"end":{"line":51,"column":64}},"13":{"start":{"line":52,"column":4},"end":{"line":58,"column":7}},"14":{"start":{"line":59,"column":4},"end":{"line":59,"column":20}},"15":{"start":{"line":63,"column":21},"end":{"line":68,"column":6}},"16":{"start":{"line":70,"column":4},"end":{"line":72,"column":5}},"17":{"start":{"line":71,"column":6},"end":{"line":71,"column":70}},"18":{"start":{"line":74,"column":4},"end":{"line":74,"column":20}},"19":{"start":{"line":78,"column":4},"end":{"line":97,"column":5}},"20":{"start":{"line":79,"column":23},"end":{"line":85,"column":8}},"21":{"start":{"line":86,"column":6},"end":{"line":92,"column":9}},"22":{"start":{"line":93,"column":6},"end":{"line":93,"column":22}},"23":{"start":{"line":95,"column":6},"end":{"line":95,"column":125}},"24":{"start":{"line":95,"column":65},"end":{"line":95,"column":125}},"25":{"start":{"line":96,"column":6},"end":{"line":96,"column":18}},"26":{"start":{"line":101,"column":4},"end":{"line":117,"column":5}},"27":{"start":{"line":102,"column":23},"end":{"line":102,"column":75}},"28":{"start":{"line":103,"column":6},"end":{"line":109,"column":9}},"29":{"start":{"line":110,"column":6},"end":{"line":110,"column":22}},"30":{"start":{"line":112,"column":6},"end":{"line":114,"column":7}},"31":{"start":{"line":113,"column":8},"end":{"line":113,"column":82}},"32":{"start":{"line":115,"column":6},"end":{"line":115,"column":125}},"33":{"start":{"line":115,"column":65},"end":{"line":115,"column":125}},"34":{"start":{"line":116,"column":6},"end":{"line":116,"column":18}},"35":{"start":{"line":9,"column":13},"end":{"line":9,"column":30}},"36":{"start":{"line":9,"column":13},"end":{"line":119,"column":null}}},"fnMap":{"0":{"name":"(anonymous_2)","decl":{"start":{"line":10,"column":2},"end":{"line":10,"column":null}},"loc":{"start":{"line":12,"column":53},"end":{"line":13,"column":6}}},"1":{"name":"(anonymous_3)","decl":{"start":{"line":15,"column":2},"end":{"line":15,"column":7}},"loc":{"start":{"line":15,"column":79},"end":{"line":35,"column":3}}},"2":{"name":"(anonymous_4)","decl":{"start":{"line":37,"column":2},"end":{"line":37,"column":7}},"loc":{"start":{"line":37,"column":59},"end":{"line":60,"column":3}}},"3":{"name":"(anonymous_5)","decl":{"start":{"line":62,"column":2},"end":{"line":62,"column":7}},"loc":{"start":{"line":62,"column":34},"end":{"line":75,"column":3}}},"4":{"name":"(anonymous_6)","decl":{"start":{"line":77,"column":2},"end":{"line":77,"column":7}},"loc":{"start":{"line":77,"column":81},"end":{"line":98,"column":3}}},"5":{"name":"(anonymous_7)","decl":{"start":{"line":100,"column":2},"end":{"line":100,"column":7}},"loc":{"start":{"line":100,"column":47},"end":{"line":118,"column":3}}}},"branchMap":{"0":{"loc":{"start":{"line":17,"column":45},"end":{"line":19,"column":53}},"type":"cond-expr","locations":[{"start":{"line":18,"column":8},"end":{"line":18,"column":10}},{"start":{"line":19,"column":8},"end":{"line":19,"column":53}}]},"1":{"loc":{"start":{"line":42,"column":18},"end":{"line":42,"column":41}},"type":"binary-expr","locations":[{"start":{"line":42,"column":18},"end":{"line":42,"column":32}},{"start":{"line":42,"column":36},"end":{"line":42,"column":41}}]},"2":{"loc":{"start":{"line":43,"column":10},"end":{"line":48,"column":12}},"type":"cond-expr","locations":[{"start":{"line":44,"column":10},"end":{"line":47,"column":null}},{"start":{"line":48,"column":10},"end":{"line":48,"column":12}}]},"3":{"loc":{"start":{"line":70,"column":4},"end":{"line":72,"column":5}},"type":"if","locations":[{"start":{"line":70,"column":4},"end":{"line":72,"column":5}},{"start":{},"end":{}}]},"4":{"loc":{"start":{"line":83,"column":14},"end":{"line":83,"column":80}},"type":"cond-expr","locations":[{"start":{"line":83,"column":28},"end":{"line":83,"column":75}},{"start":{"line":83,"column":78},"end":{"line":83,"column":80}}]},"5":{"loc":{"start":{"line":95,"column":6},"end":{"line":95,"column":125}},"type":"if","locations":[{"start":{"line":95,"column":6},"end":{"line":95,"column":125}},{"start":{},"end":{}}]},"6":{"loc":{"start":{"line":112,"column":6},"end":{"line":114,"column":7}},"type":"if","locations":[{"start":{"line":112,"column":6},"end":{"line":114,"column":7}},{"start":{},"end":{}}]},"7":{"loc":{"start":{"line":115,"column":6},"end":{"line":115,"column":125}},"type":"if","locations":[{"start":{"line":115,"column":6},"end":{"line":115,"column":125}},{"start":{},"end":{}}]}},"s":{"0":1,"1":1,"2":1,"3":1,"4":1,"5":3,"6":3,"7":2,"8":2,"9":2,"10":2,"11":0,"12":0,"13":0,"14":0,"15":0,"16":0,"17":0,"18":0,"19":0,"20":0,"21":0,"22":0,"23":0,"24":0,"25":0,"26":1,"27":1,"28":0,"29":0,"30":1,"31":1,"32":0,"33":0,"34":0,"35":1,"36":1},"f":{"0":3,"1":2,"2":0,"3":0,"4":0,"5":1},"b":{"0":[1,1],"1":[0,0],"2":[0,0],"3":[0,0],"4":[0,0],"5":[0,0],"6":[1,0],"7":[0,0]}}
,"/home/runner/work/rive-backend/rive-backend/src/common/dto/pagination.dto.ts": {"path":"/home/runner/work/rive-backend/rive-backend/src/common/dto/pagination.dto.ts","statementMap":{"0":{"start":{"line":1,"column":0},"end":{"line":1,"column":41}},"1":{"start":{"line":2,"column":0},"end":{"line":2,"column":62}},"2":{"start":{"line":9,"column":9},"end":{"line":9,"column":10}},"3":{"start":{"line":16,"column":10},"end":{"line":16,"column":12}},"4":{"start":{"line":4,"column":0},"end":{"line":4,"column":13}},"5":{"start":{"line":9,"column":2},"end":{"line":9,"column":null}},"6":{"start":{"line":6,"column":14},"end":{"line":6,"column":20}},"7":{"start":{"line":16,"column":2},"end":{"line":16,"column":null}},"8":{"start":{"line":12,"column":14},"end":{"line":12,"column":20}}},"fnMap":{"0":{"name":"(anonymous_2)","decl":{"start":{"line":6,"column":8},"end":{"line":6,"column":11}},"loc":{"start":{"line":6,"column":14},"end":{"line":6,"column":20}}},"1":{"name":"(anonymous_3)","decl":{"start":{"line":12,"column":8},"end":{"line":12,"column":11}},"loc":{"start":{"line":12,"column":14},"end":{"line":12,"column":20}}}},"branchMap":{},"s":{"0":1,"1":1,"2":0,"3":0,"4":1,"5":1,"6":0,"7":1,"8":0},"f":{"0":0,"1":0},"b":{}}
,"/home/runner/work/rive-backend/rive-backend/src/common/filters/http-exception.filter.ts": {"path":"/home/runner/work/rive-backend/rive-backend/src/common/filters/http-exception.filter.ts","statementMap":{"0":{"start":{"line":1,"column":0},"end":{"line":1,"column":null}},"1":{"start":{"line":14,"column":32},"end":{"line":53,"column":null}},"2":{"start":{"line":15,"column":28},"end":{"line":15,"column":64}},"3":{"start":{"line":18,"column":16},"end":{"line":18,"column":35}},"4":{"start":{"line":19,"column":21},"end":{"line":19,"column":48}},"5":{"start":{"line":20,"column":20},"end":{"line":20,"column":56}},"6":{"start":{"line":23,"column":6},"end":{"line":25,"column":42}},"7":{"start":{"line":28,"column":6},"end":{"line":28,"column":105}},"8":{"start":{"line":31,"column":6},"end":{"line":35,"column":64}},"9":{"start":{"line":37,"column":20},"end":{"line":44,"column":6}},"10":{"start":{"line":46,"column":4},"end":{"line":49,"column":6}},"11":{"start":{"line":51,"column":4},"end":{"line":51,"column":42}},"12":{"start":{"line":14,"column":13},"end":{"line":14,"column":32}},"13":{"start":{"line":14,"column":13},"end":{"line":53,"column":null}}},"fnMap":{"0":{"name":"(anonymous_1)","decl":{"start":{"line":17,"column":2},"end":{"line":17,"column":7}},"loc":{"start":{"line":17,"column":47},"end":{"line":52,"column":3}}}},"branchMap":{"0":{"loc":{"start":{"line":23,"column":6},"end":{"line":25,"column":42}},"type":"cond-expr","locations":[{"start":{"line":24,"column":10},"end":{"line":24,"column":31}},{"start":{"line":25,"column":10},"end":{"line":25,"column":42}}]},"1":{"loc":{"start":{"line":28,"column":6},"end":{"line":28,"column":105}},"type":"cond-expr","locations":[{"start":{"line":28,"column":43},"end":{"line":28,"column":66}},{"start":{"line":28,"column":69},"end":{"line":28,"column":105}}]},"2":{"loc":{"start":{"line":31,"column":6},"end":{"line":35,"column":64}},"type":"cond-expr","locations":[{"start":{"line":32,"column":10},"end":{"line":32,"column":22}},{"start":{"line":33,"column":10},"end":{"line":35,"column":64}}]},"3":{"loc":{"start":{"line":33,"column":10},"end":{"line":35,"column":64}},"type":"cond-expr","locations":[{"start":{"line":34,"column":13},"end":{"line":34,"column":44}},{"start":{"line":35,"column":13},"end":{"line":35,"column":64}}]},"4":{"loc":{"start":{"line":35,"column":13},"end":{"line":35,"column":64}},"type":"binary-expr","locations":[{"start":{"line":35,"column":13},"end":{"line":35,"column":42}},{"start":{"line":35,"column":46},"end":{"line":35,"column":64}}]},"5":{"loc":{"start":{"line":47,"column":62},"end":{"line":47,"column":92}},"type":"binary-expr","locations":[{"start":{"line":47,"column":62},"end":{"line":47,"column":79}},{"start":{"line":47,"column":83},"end":{"line":47,"column":92}}]},"6":{"loc":{"start":{"line":48,"column":6},"end":{"line":48,"column":61}},"type":"cond-expr","locations":[{"start":{"line":48,"column":35},"end":{"line":48,"column":49}},{"start":{"line":48,"column":52},"end":{"line":48,"column":61}}]}},"s":{"0":1,"1":1,"2":2,"3":0,"4":0,"5":0,"6":0,"7":0,"8":0,"9":0,"10":0,"11":0,"12":1,"13":1},"f":{"0":0},"b":{"0":[0,0],"1":[0,0],"2":[0,0],"3":[0,0],"4":[0,0],"5":[0,0],"6":[0,0]}}
,"/home/runner/work/rive-backend/rive-backend/src/common/middleware/request-logging.middleware.ts": {"path":"/home/runner/work/rive-backend/rive-backend/src/common/middleware/request-logging.middleware.ts","statementMap":{"0":{"start":{"line":8,"column":0},"end":{"line":8,"column":16}},"1":{"start":{"line":1,"column":0},"end":{"line":1,"column":40}},"2":{"start":{"line":2,"column":0},"end":{"line":2,"column":36}},"3":{"start":{"line":5,"column":15},"end":{"line":5,"column":40}},"4":{"start":{"line":9,"column":20},"end":{"line":9,"column":32}},"5":{"start":{"line":10,"column":29},"end":{"line":10,"column":58}},"6":{"start":{"line":11,"column":2},"end":{"line":11,"column":43}},"7":{"start":{"line":12,"column":20},"end":{"line":12,"column":30}},"8":{"start":{"line":13,"column":2},"end":{"line":13,"column":48}},"9":{"start":{"line":15,"column":2},"end":{"line":29,"column":5}},"10":{"start":{"line":16,"column":19},"end":{"line":16,"column":50}},"11":{"start":{"line":17,"column":18},"end":{"line":26,"column":6}},"12":{"start":{"line":27,"column":4},"end":{"line":28,"column":27}},"13":{"start":{"line":27,"column":36},"end":{"line":27,"column":56}},"14":{"start":{"line":28,"column":9},"end":{"line":28,"column":27}},"15":{"start":{"line":31,"column":2},"end":{"line":31,"column":9}}},"fnMap":{"0":{"name":"requestLoggingMiddleware","decl":{"start":{"line":8,"column":16},"end":{"line":8,"column":40}},"loc":{"start":{"line":8,"column":97},"end":{"line":32,"column":1}}},"1":{"name":"(anonymous_1)","decl":{"start":{"line":15,"column":24},"end":{"line":15,"column":27}},"loc":{"start":{"line":15,"column":29},"end":{"line":29,"column":3}}}},"branchMap":{"0":{"loc":{"start":{"line":24,"column":10},"end":{"line":24,"column":34}},"type":"cond-expr","locations":[{"start":{"line":24,"column":19},"end":{"line":24,"column":29}},{"start":{"line":24,"column":32},"end":{"line":24,"column":34}}]},"1":{"loc":{"start":{"line":25,"column":10},"end":{"line":25,"column":46}},"type":"cond-expr","locations":[{"start":{"line":25,"column":23},"end":{"line":25,"column":41}},{"start":{"line":25,"column":44},"end":{"line":25,"column":46}}]},"2":{"loc":{"start":{"line":27,"column":4},"end":{"line":28,"column":27}},"type":"if","locations":[{"start":{"line":27,"column":4},"end":{"line":28,"column":27}},{"start":{"line":28,"column":9},"end":{"line":28,"column":27}}]}},"s":{"0":2,"1":2,"2":2,"3":2,"4":4,"5":4,"6":4,"7":4,"8":4,"9":4,"10":4,"11":4,"12":4,"13":0,"14":4,"15":4},"f":{"0":4,"1":4},"b":{"0":[0,4],"1":[3,1],"2":[0,4]}}
,"/home/runner/work/rive-backend/rive-backend/src/common/utils/environment.ts": {"path":"/home/runner/work/rive-backend/rive-backend/src/common/utils/environment.ts","statementMap":{"0":{"start":{"line":14,"column":0},"end":{"line":14,"column":16}},"1":{"start":{"line":15,"column":2},"end":{"line":15,"column":57}}},"fnMap":{"0":{"name":"isLocalOnlyEnvironment","decl":{"start":{"line":14,"column":16},"end":{"line":14,"column":38}},"loc":{"start":{"line":14,"column":89},"end":{"line":16,"column":1}}}},"branchMap":{"0":{"loc":{"start":{"line":14,"column":39},"end":{"line":14,"column":89}},"type":"default-arg","locations":[{"start":{"line":14,"column":69},"end":{"line":14,"column":89}}]},"1":{"loc":{"start":{"line":15,"column":9},"end":{"line":15,"column":56}},"type":"binary-expr","locations":[{"start":{"line":15,"column":9},"end":{"line":15,"column":34}},{"start":{"line":15,"column":38},"end":{"line":15,"column":56}}]}},"s":{"0":11,"1":25},"f":{"0":25},"b":{"0":[13],"1":[25,23]}}
,"/home/runner/work/rive-backend/rive-backend/src/common/utils/pagination.ts": {"path":"/home/runner/work/rive-backend/rive-backend/src/common/utils/pagination.ts","statementMap":{"0":{"start":{"line":34,"column":0},"end":{"line":34,"column":16}},"1":{"start":{"line":44,"column":0},"end":{"line":44,"column":16}},"2":{"start":{"line":27,"column":21},"end":{"line":27,"column":22}},"3":{"start":{"line":28,"column":22},"end":{"line":28,"column":24}},"4":{"start":{"line":38,"column":15},"end":{"line":38,"column":47}},"5":{"start":{"line":39,"column":16},"end":{"line":39,"column":49}},"6":{"start":{"line":40,"column":2},"end":{"line":40,"column":64}},"7":{"start":{"line":45,"column":2},"end":{"line":45,"column":70}}},"fnMap":{"0":{"name":"resolvePagination","decl":{"start":{"line":34,"column":16},"end":{"line":34,"column":33}},"loc":{"start":{"line":36,"column":38},"end":{"line":41,"column":1}}},"1":{"name":"buildPaginationMeta","decl":{"start":{"line":44,"column":16},"end":{"line":44,"column":35}},"loc":{"start":{"line":44,"column":78},"end":{"line":46,"column":1}}}},"branchMap":{"0":{"loc":{"start":{"line":36,"column":2},"end":{"line":36,"column":38}},"type":"default-arg","locations":[{"start":{"line":36,"column":25},"end":{"line":36,"column":38}}]},"1":{"loc":{"start":{"line":38,"column":15},"end":{"line":38,"column":47}},"type":"binary-expr","locations":[{"start":{"line":38,"column":15},"end":{"line":38,"column":31}},{"start":{"line":38,"column":35},"end":{"line":38,"column":47}}]},"2":{"loc":{"start":{"line":39,"column":16},"end":{"line":39,"column":49}},"type":"binary-expr","locations":[{"start":{"line":39,"column":16},"end":{"line":39,"column":33}},{"start":{"line":39,"column":37},"end":{"line":39,"column":49}}]}},"s":{"0":11,"1":11,"2":11,"3":11,"4":4,"5":4,"6":4,"7":4},"f":{"0":4,"1":4},"b":{"0":[4],"1":[4,0],"2":[4,0]}}
,"/home/runner/work/rive-backend/rive-backend/src/common/utils/timing-safe-compare.ts": {"path":"/home/runner/work/rive-backend/rive-backend/src/common/utils/timing-safe-compare.ts","statementMap":{"0":{"start":{"line":3,"column":0},"end":{"line":3,"column":16}},"1":{"start":{"line":1,"column":0},"end":{"line":1,"column":41}},"2":{"start":{"line":4,"column":2},"end":{"line":6,"column":3}},"3":{"start":{"line":5,"column":4},"end":{"line":5,"column":17}},"4":{"start":{"line":8,"column":15},"end":{"line":8,"column":37}},"5":{"start":{"line":9,"column":16},"end":{"line":9,"column":38}},"6":{"start":{"line":11,"column":2},"end":{"line":13,"column":3}},"7":{"start":{"line":12,"column":4},"end":{"line":12,"column":17}},"8":{"start":{"line":15,"column":2},"end":{"line":15,"column":38}}},"fnMap":{"0":{"name":"timingSafeStringEqual","decl":{"start":{"line":3,"column":16},"end":{"line":3,"column":37}},"loc":{"start":{"line":3,"column":74},"end":{"line":16,"column":1}}}},"branchMap":{"0":{"loc":{"start":{"line":4,"column":2},"end":{"line":6,"column":3}},"type":"if","locations":[{"start":{"line":4,"column":2},"end":{"line":6,"column":3}},{"start":{},"end":{}}]},"1":{"loc":{"start":{"line":4,"column":6},"end":{"line":4,"column":14}},"type":"binary-expr","locations":[{"start":{"line":4,"column":6},"end":{"line":4,"column":8}},{"start":{"line":4,"column":12},"end":{"line":4,"column":14}}]},"2":{"loc":{"start":{"line":11,"column":2},"end":{"line":13,"column":3}},"type":"if","locations":[{"start":{"line":11,"column":2},"end":{"line":13,"column":3}},{"start":{},"end":{}}]}},"s":{"0":9,"1":9,"2":11,"3":1,"4":10,"5":10,"6":10,"7":2,"8":8},"f":{"0":11},"b":{"0":[1,10],"1":[11,10],"2":[2,8]}}
,"/home/runner/work/rive-backend/rive-backend/src/config/environment.validation.ts": {"path":"/home/runner/work/rive-backend/rive-backend/src/config/environment.validation.ts","statementMap":{"0":{"start":{"line":20,"column":0},"end":{"line":20,"column":16}},"1":{"start":{"line":1,"column":0},"end":{"line":1,"column":69}},"2":{"start":{"line":3,"column":36},"end":{"line":18,"column":11}},"3":{"start":{"line":21,"column":26},"end":{"line":21,"column":63}},"4":{"start":{"line":22,"column":2},"end":{"line":24,"column":3}},"5":{"start":{"line":23,"column":4},"end":{"line":23,"column":50}},"6":{"start":{"line":26,"column":2},"end":{"line":28,"column":3}},"7":{"start":{"line":27,"column":4},"end":{"line":27,"column":67}},"8":{"start":{"line":33,"column":2},"end":{"line":33,"column":54}},"9":{"start":{"line":33,"column":47},"end":{"line":33,"column":54}},"10":{"start":{"line":35,"column":27},"end":{"line":35,"column":99}},"11":{"start":{"line":35,"column":72},"end":{"line":35,"column":98}},"12":{"start":{"line":36,"column":2},"end":{"line":38,"column":3}},"13":{"start":{"line":37,"column":4},"end":{"line":37,"column":105}},"14":{"start":{"line":40,"column":2},"end":{"line":42,"column":3}},"15":{"start":{"line":41,"column":4},"end":{"line":41,"column":79}},"16":{"start":{"line":44,"column":2},"end":{"line":46,"column":3}},"17":{"start":{"line":45,"column":4},"end":{"line":45,"column":91}},"18":{"start":{"line":48,"column":2},"end":{"line":50,"column":3}},"19":{"start":{"line":49,"column":4},"end":{"line":49,"column":89}},"20":{"start":{"line":52,"column":2},"end":{"line":54,"column":3}},"21":{"start":{"line":53,"column":4},"end":{"line":53,"column":82}},"22":{"start":{"line":56,"column":2},"end":{"line":62,"column":3}},"23":{"start":{"line":57,"column":4},"end":{"line":61,"column":5}},"24":{"start":{"line":58,"column":6},"end":{"line":58,"column":41}},"25":{"start":{"line":60,"column":6},"end":{"line":60,"column":60}},"26":{"start":{"line":64,"column":2},"end":{"line":66,"column":3}},"27":{"start":{"line":65,"column":4},"end":{"line":65,"column":65}},"28":{"start":{"line":68,"column":2},"end":{"line":70,"column":3}},"29":{"start":{"line":69,"column":4},"end":{"line":69,"column":72}}},"fnMap":{"0":{"name":"validateEnvironment","decl":{"start":{"line":20,"column":16},"end":{"line":20,"column":35}},"loc":{"start":{"line":20,"column":61},"end":{"line":71,"column":1}}},"1":{"name":"(anonymous_1)","decl":{"start":{"line":35,"column":62},"end":{"line":35,"column":63}},"loc":{"start":{"line":35,"column":72},"end":{"line":35,"column":98}}}},"branchMap":{"0":{"loc":{"start":{"line":20,"column":36},"end":{"line":20,"column":61}},"type":"default-arg","locations":[{"start":{"line":20,"column":50},"end":{"line":20,"column":61}}]},"1":{"loc":{"start":{"line":21,"column":26},"end":{"line":21,"column":63}},"type":"binary-expr","locations":[{"start":{"line":21,"column":26},"end":{"line":21,"column":46}},{"start":{"line":21,"column":50},"end":{"line":21,"column":63}}]},"2":{"loc":{"start":{"line":22,"column":2},"end":{"line":24,"column":3}},"type":"if","locations":[{"start":{"line":22,"column":2},"end":{"line":24,"column":3}},{"start":{},"end":{}}]},"3":{"loc":{"start":{"line":26,"column":2},"end":{"line":28,"column":3}},"type":"if","locations":[{"start":{"line":26,"column":2},"end":{"line":28,"column":3}},{"start":{},"end":{}}]},"4":{"loc":{"start":{"line":26,"column":6},"end":{"line":26,"column":127}},"type":"binary-expr","locations":[{"start":{"line":26,"column":6},"end":{"line":26,"column":22}},{"start":{"line":26,"column":27},"end":{"line":26,"column":58}},{"start":{"line":26,"column":62},"end":{"line":26,"column":90}},{"start":{"line":26,"column":94},"end":{"line":26,"column":126}}]},"5":{"loc":{"start":{"line":33,"column":2},"end":{"line":33,"column":54}},"type":"if","locations":[{"start":{"line":33,"column":2},"end":{"line":33,"column":54}},{"start":{},"end":{}}]},"6":{"loc":{"start":{"line":36,"column":2},"end":{"line":38,"column":3}},"type":"if","locations":[{"start":{"line":36,"column":2},"end":{"line":38,"column":3}},{"start":{},"end":{}}]},"7":{"loc":{"start":{"line":40,"column":2},"end":{"line":42,"column":3}},"type":"if","locations":[{"start":{"line":40,"column":2},"end":{"line":42,"column":3}},{"start":{},"end":{}}]},"8":{"loc":{"start":{"line":40,"column":7},"end":{"line":40,"column":42}},"type":"binary-expr","locations":[{"start":{"line":40,"column":7},"end":{"line":40,"column":37}},{"start":{"line":40,"column":41},"end":{"line":40,"column":42}}]},"9":{"loc":{"start":{"line":44,"column":2},"end":{"line":46,"column":3}},"type":"if","locations":[{"start":{"line":44,"column":2},"end":{"line":46,"column":3}},{"start":{},"end":{}}]},"10":{"loc":{"start":{"line":44,"column":7},"end":{"line":44,"column":54}},"type":"binary-expr","locations":[{"start":{"line":44,"column":7},"end":{"line":44,"column":49}},{"start":{"line":44,"column":53},"end":{"line":44,"column":54}}]},"11":{"loc":{"start":{"line":48,"column":2},"end":{"line":50,"column":3}},"type":"if","locations":[{"start":{"line":48,"column":2},"end":{"line":50,"column":3}},{"start":{},"end":{}}]},"12":{"loc":{"start":{"line":48,"column":7},"end":{"line":48,"column":52}},"type":"binary-expr","locations":[{"start":{"line":48,"column":7},"end":{"line":48,"column":47}},{"start":{"line":48,"column":51},"end":{"line":48,"column":52}}]},"13":{"loc":{"start":{"line":52,"column":2},"end":{"line":54,"column":3}},"type":"if","locations":[{"start":{"line":52,"column":2},"end":{"line":54,"column":3}},{"start":{},"end":{}}]},"14":{"loc":{"start":{"line":52,"column":26},"end":{"line":52,"column":58}},"type":"binary-expr","locations":[{"start":{"line":52,"column":26},"end":{"line":52,"column":52}},{"start":{"line":52,"column":56},"end":{"line":52,"column":58}}]},"15":{"loc":{"start":{"line":64,"column":2},"end":{"line":66,"column":3}},"type":"if","locations":[{"start":{"line":64,"column":2},"end":{"line":66,"column":3}},{"start":{},"end":{}}]},"16":{"loc":{"start":{"line":64,"column":6},"end":{"line":64,"column":115}},"type":"binary-expr","locations":[{"start":{"line":64,"column":6},"end":{"line":64,"column":55}},{"start":{"line":64,"column":59},"end":{"line":64,"column":115}}]},"17":{"loc":{"start":{"line":68,"column":2},"end":{"line":70,"column":3}},"type":"if","locations":[{"start":{"line":68,"column":2},"end":{"line":70,"column":3}},{"start":{},"end":{}}]}},"s":{"0":1,"1":1,"2":1,"3":12,"4":12,"5":0,"6":12,"7":0,"8":12,"9":2,"10":10,"11":140,"12":10,"13":3,"14":7,"15":1,"16":6,"17":0,"18":6,"19":1,"20":5,"21":1,"22":4,"23":12,"24":12,"25":0,"26":4,"27":0,"28":4,"29":1},"f":{"0":12,"1":140},"b":{"0":[0],"1":[12,0],"2":[0,12],"3":[0,12],"4":[12,10,10,10],"5":[2,10],"6":[3,7],"7":[1,6],"8":[7,0],"9":[0,6],"10":[6,0],"11":[1,5],"12":[6,0],"13":[1,4],"14":[5,0],"15":[0,4],"16":[4,4],"17":[1,3]}}
,"/home/runner/work/rive-backend/rive-backend/src/email/email.service.ts": {"path":"/home/runner/work/rive-backend/rive-backend/src/email/email.service.ts","statementMap":{"0":{"start":{"line":1,"column":0},"end":{"line":1,"column":52}},"1":{"start":{"line":18,"column":25},"end":{"line":71,"column":null}},"2":{"start":{"line":19,"column":28},"end":{"line":19,"column":57}},"3":{"start":{"line":20,"column":28},"end":{"line":20,"column":62}},"4":{"start":{"line":21,"column":33},"end":{"line":21,"column":89}},"5":{"start":{"line":22,"column":28},"end":{"line":22,"column":97}},"6":{"start":{"line":25,"column":4},"end":{"line":30,"column":5}},"7":{"start":{"line":28,"column":6},"end":{"line":28,"column":120}},"8":{"start":{"line":29,"column":6},"end":{"line":29,"column":13}},"9":{"start":{"line":32,"column":21},"end":{"line":45,"column":6}},"10":{"start":{"line":47,"column":4},"end":{"line":51,"column":5}},"11":{"start":{"line":48,"column":19},"end":{"line":48,"column":56}},"12":{"start":{"line":48,"column":53},"end":{"line":48,"column":55}},"13":{"start":{"line":49,"column":6},"end":{"line":49,"column":93}},"14":{"start":{"line":50,"column":6},"end":{"line":50,"column":86}},"15":{"start":{"line":55,"column":4},"end":{"line":60,"column":7}},"16":{"start":{"line":64,"column":4},"end":{"line":69,"column":7}},"17":{"start":{"line":18,"column":13},"end":{"line":18,"column":25}},"18":{"start":{"line":18,"column":13},"end":{"line":71,"column":null}}},"fnMap":{"0":{"name":"(anonymous_1)","decl":{"start":{"line":24,"column":2},"end":{"line":24,"column":7}},"loc":{"start":{"line":24,"column":43},"end":{"line":52,"column":3}}},"1":{"name":"(anonymous_2)","decl":{"start":{"line":48,"column":47},"end":{"line":48,"column":50}},"loc":{"start":{"line":48,"column":53},"end":{"line":48,"column":55}}},"2":{"name":"(anonymous_3)","decl":{"start":{"line":54,"column":2},"end":{"line":54,"column":7}},"loc":{"start":{"line":54,"column":61},"end":{"line":61,"column":3}}},"3":{"name":"(anonymous_4)","decl":{"start":{"line":63,"column":2},"end":{"line":63,"column":7}},"loc":{"start":{"line":63,"column":72},"end":{"line":70,"column":3}}}},"branchMap":{"0":{"loc":{"start":{"line":21,"column":33},"end":{"line":21,"column":89}},"type":"binary-expr","locations":[{"start":{"line":21,"column":33},"end":{"line":21,"column":63}},{"start":{"line":21,"column":67},"end":{"line":21,"column":89}}]},"1":{"loc":{"start":{"line":22,"column":28},"end":{"line":22,"column":97}},"type":"binary-expr","locations":[{"start":{"line":22,"column":28},"end":{"line":22,"column":62}},{"start":{"line":22,"column":66},"end":{"line":22,"column":97}}]},"2":{"loc":{"start":{"line":25,"column":4},"end":{"line":30,"column":5}},"type":"if","locations":[{"start":{"line":25,"column":4},"end":{"line":30,"column":5}},{"start":{},"end":{}}]},"3":{"loc":{"start":{"line":43,"column":12},"end":{"line":43,"column":54}},"type":"cond-expr","locations":[{"start":{"line":43,"column":27},"end":{"line":43,"column":49}},{"start":{"line":43,"column":52},"end":{"line":43,"column":54}}]},"4":{"loc":{"start":{"line":47,"column":4},"end":{"line":51,"column":5}},"type":"if","locations":[{"start":{"line":47,"column":4},"end":{"line":51,"column":5}},{"start":{},"end":{}}]}},"s":{"0":10,"1":10,"2":0,"3":0,"4":0,"5":0,"6":0,"7":0,"8":0,"9":0,"10":0,"11":0,"12":0,"13":0,"14":0,"15":0,"16":0,"17":10,"18":10},"f":{"0":0,"1":0,"2":0,"3":0},"b":{"0":[0,0],"1":[0,0],"2":[0,0],"3":[0,0],"4":[0,0]}}
,"/home/runner/work/rive-backend/rive-backend/src/health/health.controller.ts": {"path":"/home/runner/work/rive-backend/rive-backend/src/health/health.controller.ts","statementMap":{"0":{"start":{"line":1,"column":0},"end":{"line":1,"column":78}},"1":{"start":{"line":2,"column":0},"end":{"line":2,"column":69}},"2":{"start":{"line":3,"column":0},"end":{"line":3,"column":49}},"3":{"start":{"line":4,"column":0},"end":{"line":4,"column":57}},"4":{"start":{"line":8,"column":7},"end":{"line":24,"column":null}},"5":{"start":{"line":9,"column":31},"end":{"line":9,"column":39}},"6":{"start":{"line":17,"column":4},"end":{"line":22,"column":5}},"7":{"start":{"line":18,"column":6},"end":{"line":18,"column":44}},"8":{"start":{"line":19,"column":6},"end":{"line":19,"column":30}},"9":{"start":{"line":21,"column":6},"end":{"line":21,"column":79}},"10":{"start":{"line":8,"column":13},"end":{"line":8,"column":29}},"11":{"start":{"line":16,"column":8},"end":{"line":23,"column":null}},"12":{"start":{"line":8,"column":13},"end":{"line":24,"column":null}}},"fnMap":{"0":{"name":"(anonymous_2)","decl":{"start":{"line":9,"column":2},"end":{"line":9,"column":31}},"loc":{"start":{"line":9,"column":52},"end":{"line":9,"column":56}}},"1":{"name":"(anonymous_3)","decl":{"start":{"line":16,"column":8},"end":{"line":16,"column":13}},"loc":{"start":{"line":16,"column":13},"end":{"line":23,"column":3}}}},"branchMap":{},"s":{"0":1,"1":1,"2":1,"3":1,"4":1,"5":2,"6":2,"7":2,"8":1,"9":1,"10":1,"11":1,"12":1},"f":{"0":2,"1":2},"b":{}}
,"/home/runner/work/rive-backend/rive-backend/src/orders/admin-orders.controller.ts": {"path":"/home/runner/work/rive-backend/rive-backend/src/orders/admin-orders.controller.ts","statementMap":{"0":{"start":{"line":1,"column":0},"end":{"line":1,"column":92}},"1":{"start":{"line":2,"column":0},"end":{"line":2,"column":94}},"2":{"start":{"line":3,"column":0},"end":{"line":3,"column":45}},"3":{"start":{"line":4,"column":0},"end":{"line":4,"column":54}},"4":{"start":{"line":5,"column":0},"end":{"line":5,"column":48}},"5":{"start":{"line":6,"column":0},"end":{"line":6,"column":49}},"6":{"start":{"line":7,"column":0},"end":{"line":7,"column":61}},"7":{"start":{"line":9,"column":0},"end":{"line":9,"column":69}},"8":{"start":{"line":10,"column":0},"end":{"line":10,"column":49}},"9":{"start":{"line":17,"column":7},"end":{"line":43,"column":null}},"10":{"start":{"line":18,"column":31},"end":{"line":18,"column":46}},"11":{"start":{"line":25,"column":4},"end":{"line":25,"column":62}},"12":{"start":{"line":33,"column":4},"end":{"line":33,"column":51}},"13":{"start":{"line":41,"column":4},"end":{"line":41,"column":77}},"14":{"start":{"line":17,"column":13},"end":{"line":17,"column":34}},"15":{"start":{"line":24,"column":8},"end":{"line":26,"column":null}},"16":{"start":{"line":32,"column":8},"end":{"line":34,"column":null}},"17":{"start":{"line":40,"column":8},"end":{"line":42,"column":null}},"18":{"start":{"line":17,"column":13},"end":{"line":43,"column":null}}},"fnMap":{"0":{"name":"(anonymous_4)","decl":{"start":{"line":18,"column":2},"end":{"line":18,"column":31}},"loc":{"start":{"line":18,"column":59},"end":{"line":18,"column":63}}},"1":{"name":"(anonymous_5)","decl":{"start":{"line":24,"column":8},"end":{"line":24,"column":15}},"loc":{"start":{"line":24,"column":100},"end":{"line":26,"column":3}}},"2":{"name":"(anonymous_6)","decl":{"start":{"line":32,"column":8},"end":{"line":32,"column":15}},"loc":{"start":{"line":32,"column":39},"end":{"line":34,"column":3}}},"3":{"name":"(anonymous_7)","decl":{"start":{"line":40,"column":8},"end":{"line":40,"column":20}},"loc":{"start":{"line":40,"column":113},"end":{"line":42,"column":3}}}},"branchMap":{},"s":{"0":1,"1":1,"2":1,"3":1,"4":1,"5":1,"6":1,"7":1,"8":1,"9":1,"10":1,"11":0,"12":1,"13":1,"14":1,"15":1,"16":1,"17":1,"18":1},"f":{"0":1,"1":0,"2":1,"3":1},"b":{}}
,"/home/runner/work/rive-backend/rive-backend/src/orders/internal-orders.controller.ts": {"path":"/home/runner/work/rive-backend/rive-backend/src/orders/internal-orders.controller.ts","statementMap":{"0":{"start":{"line":1,"column":0},"end":{"line":1,"column":124}},"1":{"start":{"line":2,"column":0},"end":{"line":2,"column":80}},"2":{"start":{"line":3,"column":0},"end":{"line":3,"column":45}},"3":{"start":{"line":4,"column":0},"end":{"line":4,"column":76}},"4":{"start":{"line":5,"column":0},"end":{"line":5,"column":49}},"5":{"start":{"line":19,"column":7},"end":{"line":44,"column":null}},"6":{"start":{"line":20,"column":31},"end":{"line":20,"column":46}},"7":{"start":{"line":31,"column":27},"end":{"line":31,"column":59}},"8":{"start":{"line":33,"column":4},"end":{"line":35,"column":5}},"9":{"start":{"line":34,"column":6},"end":{"line":34,"column":77}},"10":{"start":{"line":37,"column":4},"end":{"line":39,"column":5}},"11":{"start":{"line":38,"column":6},"end":{"line":38,"column":70}},"12":{"start":{"line":41,"column":25},"end":{"line":41,"column":77}},"13":{"start":{"line":42,"column":4},"end":{"line":42,"column":28}},"14":{"start":{"line":19,"column":13},"end":{"line":19,"column":37}},"15":{"start":{"line":30,"column":8},"end":{"line":43,"column":null}},"16":{"start":{"line":19,"column":13},"end":{"line":44,"column":null}}},"fnMap":{"0":{"name":"(anonymous_4)","decl":{"start":{"line":20,"column":2},"end":{"line":20,"column":31}},"loc":{"start":{"line":20,"column":59},"end":{"line":20,"column":63}}},"1":{"name":"(anonymous_5)","decl":{"start":{"line":30,"column":8},"end":{"line":30,"column":26}},"loc":{"start":{"line":30,"column":85},"end":{"line":43,"column":3}}}},"branchMap":{"0":{"loc":{"start":{"line":33,"column":4},"end":{"line":35,"column":5}},"type":"if","locations":[{"start":{"line":33,"column":4},"end":{"line":35,"column":5}},{"start":{},"end":{}}]},"1":{"loc":{"start":{"line":37,"column":4},"end":{"line":39,"column":5}},"type":"if","locations":[{"start":{"line":37,"column":4},"end":{"line":39,"column":5}},{"start":{},"end":{}}]}},"s":{"0":1,"1":1,"2":1,"3":1,"4":1,"5":1,"6":3,"7":4,"8":4,"9":1,"10":3,"11":2,"12":1,"13":1,"14":1,"15":1,"16":1},"f":{"0":3,"1":4},"b":{"0":[1,3],"1":[2,1]}}
[...]
":{"start":{"line":38,"column":44},"end":{"line":40,"column":40}},"type":"cond-expr","locations":[{"start":{"line":39,"column":8},"end":{"line":39,"column":66}},{"start":{"line":40,"column":8},"end":{"line":40,"column":40}}]},"2":{"loc":{"start":{"line":39,"column":14},"end":{"line":39,"column":63}},"type":"cond-expr","locations":[{"start":{"line":39,"column":32},"end":{"line":39,"column":58}},{"start":{"line":39,"column":61},"end":{"line":39,"column":63}}]},"3":{"loc":{"start":{"line":42,"column":4},"end":{"line":46,"column":5}},"type":"if","locations":[{"start":{"line":42,"column":4},"end":{"line":46,"column":5}},{"start":{},"end":{}}]},"4":{"loc":{"start":{"line":48,"column":4},"end":{"line":50,"column":5}},"type":"if","locations":[{"start":{"line":48,"column":4},"end":{"line":50,"column":5}},{"start":{},"end":{}}]},"5":{"loc":{"start":{"line":52,"column":4},"end":{"line":59,"column":5}},"type":"if","locations":[{"start":{"line":52,"column":4},"end":{"line":59,"column":5}},{"start":{},"end":{}}]},"6":{"loc":{"start":{"line":85,"column":36},"end":{"line":85,"column":62}},"type":"default-arg","locations":[{"start":{"line":85,"column":57},"end":{"line":85,"column":62}}]},"7":{"loc":{"start":{"line":87,"column":13},"end":{"line":87,"column":83}},"type":"cond-expr","locations":[{"start":{"line":87,"column":34},"end":{"line":87,"column":42}},{"start":{"line":87,"column":45},"end":{"line":87,"column":83}}]},"8":{"loc":{"start":{"line":91,"column":4},"end":{"line":93,"column":5}},"type":"if","locations":[{"start":{"line":91,"column":4},"end":{"line":93,"column":5}},{"start":{},"end":{}}]},"9":{"loc":{"start":{"line":104,"column":4},"end":{"line":106,"column":5}},"type":"if","locations":[{"start":{"line":104,"column":4},"end":{"line":106,"column":5}},{"start":{},"end":{}}]},"10":{"loc":{"start":{"line":116,"column":4},"end":{"line":118,"column":5}},"type":"if","locations":[{"start":{"line":116,"column":4},"end":{"line":118,"column":5}},{"start":{},"end":{}}]},"11":{"loc":{"start":{"line":128,"column":20},"end":{"line":128,"column":43}},"type":"binary-expr","locations":[{"start":{"line":128,"column":20},"end":{"line":128,"column":34}},{"start":{"line":128,"column":38},"end":{"line":128,"column":43}}]},"12":{"loc":{"start":{"line":129,"column":16},"end":{"line":129,"column":38}},"type":"binary-expr","locations":[{"start":{"line":129,"column":16},"end":{"line":129,"column":26}},{"start":{"line":129,"column":30},"end":{"line":129,"column":38}}]},"13":{"loc":{"start":{"line":133,"column":12},"end":{"line":138,"column":14}},"type":"cond-expr","locations":[{"start":{"line":134,"column":12},"end":{"line":137,"column":null}},{"start":{"line":138,"column":12},"end":{"line":138,"column":14}}]},"14":{"loc":{"start":{"line":143,"column":23},"end":{"line":143,"column":47}},"type":"binary-expr","locations":[{"start":{"line":143,"column":23},"end":{"line":143,"column":38}},{"start":{"line":143,"column":42},"end":{"line":143,"column":47}}]},"15":{"loc":{"start":{"line":149,"column":22},"end":{"line":149,"column":51}},"type":"binary-expr","locations":[{"start":{"line":149,"column":22},"end":{"line":149,"column":38}},{"start":{"line":149,"column":42},"end":{"line":149,"column":51}}]},"16":{"loc":{"start":{"line":152,"column":19},"end":{"line":152,"column":37}},"type":"binary-expr","locations":[{"start":{"line":152,"column":19},"end":{"line":152,"column":32}},{"start":{"line":152,"column":36},"end":{"line":152,"column":37}}]},"17":{"loc":{"start":{"line":153,"column":25},"end":{"line":153,"column":52}},"type":"binary-expr","locations":[{"start":{"line":153,"column":25},"end":{"line":153,"column":44}},{"start":{"line":153,"column":48},"end":{"line":153,"column":52}}]},"18":{"loc":{"start":{"line":177,"column":14},"end":{"line":177,"column":80}},"type":"cond-expr","locations":[{"start":{"line":177,"column":28},"end":{"line":177,"column":75}},{"start":{"line":177,"column":78},"end":{"line":177,"column":80}}]},"19":{"loc":{"start":{"line":202,"column":14},"end":{"line":202,"column":80}},"type":"cond-expr","locations":[{"start":{"line":202,"column":28},"end":{"line":202,"column":75}},{"start":{"line":202,"column":78},"end":{"line":202,"column":80}}]},"20":{"loc":{"start":{"line":223,"column":4},"end":{"line":225,"column":5}},"type":"if","locations":[{"start":{"line":223,"column":4},"end":{"line":225,"column":5}},{"start":{},"end":{}}]},"21":{"loc":{"start":{"line":236,"column":20},"end":{"line":236,"column":45}},"type":"binary-expr","locations":[{"start":{"line":236,"column":20},"end":{"line":236,"column":32}},{"start":{"line":236,"column":36},"end":{"line":236,"column":45}}]},"22":{"loc":{"start":{"line":239,"column":17},"end":{"line":239,"column":31}},"type":"binary-expr","locations":[{"start":{"line":239,"column":17},"end":{"line":239,"column":26}},{"start":{"line":239,"column":30},"end":{"line":239,"column":31}}]},"23":{"loc":{"start":{"line":240,"column":23},"end":{"line":240,"column":46}},"type":"binary-expr","locations":[{"start":{"line":240,"column":23},"end":{"line":240,"column":38}},{"start":{"line":240,"column":42},"end":{"line":240,"column":46}}]},"24":{"loc":{"start":{"line":254,"column":6},"end":{"line":256,"column":7}},"type":"if","locations":[{"start":{"line":254,"column":6},"end":{"line":256,"column":7}},{"start":{},"end":{}}]},"25":{"loc":{"start":{"line":266,"column":4},"end":{"line":268,"column":5}},"type":"if","locations":[{"start":{"line":266,"column":4},"end":{"line":268,"column":5}},{"start":{},"end":{}}]},"26":{"loc":{"start":{"line":283,"column":6},"end":{"line":285,"column":7}},"type":"if","locations":[{"start":{"line":283,"column":6},"end":{"line":285,"column":7}},{"start":{},"end":{}}]},"27":{"loc":{"start":{"line":289,"column":4},"end":{"line":293,"column":5}},"type":"if","locations":[{"start":{"line":289,"column":4},"end":{"line":293,"column":5}},{"start":{},"end":{}}]},"28":{"loc":{"start":{"line":313,"column":4},"end":{"line":315,"column":5}},"type":"if","locations":[{"start":{"line":313,"column":4},"end":{"line":315,"column":5}},{"start":{},"end":{}}]},"29":{"loc":{"start":{"line":320,"column":6},"end":{"line":322,"column":7}},"type":"if","locations":[{"start":{"line":320,"column":6},"end":{"line":322,"column":7}},{"start":{},"end":{}}]},"30":{"loc":{"start":{"line":345,"column":19},"end":{"line":345,"column":41}},"type":"binary-expr","locations":[{"start":{"line":345,"column":19},"end":{"line":345,"column":32}},{"start":{"line":345,"column":36},"end":{"line":345,"column":41}}]},"31":{"loc":{"start":{"line":365,"column":4},"end":{"line":367,"column":5}},"type":"if","locations":[{"start":{"line":365,"column":4},"end":{"line":367,"column":5}},{"start":{},"end":{}}]}},"s":{"0":2,"1":2,"2":2,"3":2,"4":2,"5":2,"6":2,"7":13,"8":13,"9":2,"10":2,"11":0,"12":2,"13":0,"14":2,"15":0,"16":0,"17":2,"18":2,"19":2,"20":2,"21":2,"22":1,"23":1,"24":1,"25":1,"26":0,"27":1,"28":0,"29":0,"30":0,"31":0,"32":0,"33":0,"34":0,"35":0,"36":0,"37":0,"38":0,"39":0,"40":0,"41":0,"42":0,"43":0,"44":0,"45":0,"46":3,"47":3,"48":1,"49":2,"50":1,"51":1,"52":1,"53":1,"54":0,"55":0,"56":0,"57":3,"58":3,"59":1,"60":2,"61":2,"62":2,"63":2,"64":0,"65":0,"66":0,"67":2,"68":1,"69":1,"70":1,"71":1,"72":2,"73":2,"74":0,"75":2,"76":2,"77":1,"78":1,"79":0,"80":1,"81":1,"82":1,"83":1,"84":1,"85":1,"86":2,"87":2,"88":1,"89":1,"90":1,"91":1,"92":2,"93":2},"f":{"0":13,"1":2,"2":2,"3":1,"4":0,"5":0,"6":0,"7":0,"8":0,"9":3,"10":2,"11":3,"12":2,"13":1,"14":2},"b":{"0":[1],"1":[1,1],"2":[1,0],"3":[0,2],"4":[0,2],"5":[0,2],"6":[1],"7":[1,1],"8":[1,1],"9":[0,1],"10":[0,0],"11":[0,0],"12":[0,0],"13":[0,0],"14":[0,0],"15":[0,0],"16":[0,0],"17":[0,0],"18":[0,0],"19":[0,0],"20":[1,2],"21":[1,1],"22":[1,0],"23":[1,1],"24":[0,0],"25":[1,2],"26":[0,0],"27":[1,1],"28":[0,2],"29":[1,0],"30":[1,1],"31":[1,1]}}
,"/home/runner/work/rive-backend/rive-backend/src/products/dto/create-product-image.dto.ts": {"path":"/home/runner/work/rive-backend/rive-backend/src/products/dto/create-product-image.dto.ts","statementMap":{"0":{"start":{"line":1,"column":0},"end":{"line":1,"column":67}},"1":{"start":{"line":2,"column":0},"end":{"line":2,"column":89}},"2":{"start":{"line":4,"column":0},"end":{"line":4,"column":13}},"3":{"start":{"line":9,"column":2},"end":{"line":9,"column":null}},"4":{"start":{"line":15,"column":2},"end":{"line":15,"column":null}},"5":{"start":{"line":20,"column":2},"end":{"line":20,"column":null}}},"fnMap":{},"branchMap":{},"s":{"0":1,"1":1,"2":1,"3":1,"4":1,"5":1},"f":{},"b":{}}
,"/home/runner/work/rive-backend/rive-backend/src/products/dto/create-product-variant.dto.ts": {"path":"/home/runner/work/rive-backend/rive-backend/src/products/dto/create-product-variant.dto.ts","statementMap":{"0":{"start":{"line":1,"column":0},"end":{"line":1,"column":67}},"1":{"start":{"line":2,"column":0},"end":{"line":2,"column":38}},"2":{"start":{"line":3,"column":0},"end":{"line":3,"column":41}},"3":{"start":{"line":4,"column":0},"end":{"line":4,"column":128}},"4":{"start":{"line":6,"column":0},"end":{"line":6,"column":13}},"5":{"start":{"line":11,"column":2},"end":{"line":11,"column":null}},"6":{"start":{"line":17,"column":2},"end":{"line":17,"column":null}},"7":{"start":{"line":21,"column":2},"end":{"line":21,"column":null}},"8":{"start":{"line":27,"column":2},"end":{"line":27,"column":null}},"9":{"start":{"line":24,"column":14},"end":{"line":24,"column":20}},"10":{"start":{"line":34,"column":2},"end":{"line":34,"column":null}},"11":{"start":{"line":31,"column":14},"end":{"line":31,"column":20}},"12":{"start":{"line":39,"column":2},"end":{"line":39,"column":null}}},"fnMap":{"0":{"name":"(anonymous_2)","decl":{"start":{"line":24,"column":8},"end":{"line":24,"column":11}},"loc":{"start":{"line":24,"column":14},"end":{"line":24,"column":20}}},"1":{"name":"(anonymous_3)","decl":{"start":{"line":31,"column":8},"end":{"line":31,"column":11}},"loc":{"start":{"line":31,"column":14},"end":{"line":31,"column":20}}}},"branchMap":{},"s":{"0":1,"1":1,"2":1,"3":1,"4":1,"5":1,"6":1,"7":1,"8":1,"9":0,"10":1,"11":0,"12":1},"f":{"0":0,"1":0},"b":{}}
,"/home/runner/work/rive-backend/rive-backend/src/products/dto/create-product.dto.ts": {"path":"/home/runner/work/rive-backend/rive-backend/src/products/dto/create-product.dto.ts","statementMap":{"0":{"start":{"line":1,"column":0},"end":{"line":1,"column":67}},"1":{"start":{"line":2,"column":0},"end":{"line":2,"column":53}},"2":{"start":{"line":3,"column":0},"end":{"line":3,"column":41}},"3":{"start":{"line":4,"column":0},"end":{"line":4,"column":null}},"4":{"start":{"line":26,"column":2},"end":{"line":26,"column":null}},"5":{"start":{"line":32,"column":2},"end":{"line":32,"column":null}},"6":{"start":{"line":37,"column":2},"end":{"line":37,"column":null}},"7":{"start":{"line":45,"column":2},"end":{"line":45,"column":null}},"8":{"start":{"line":51,"column":2},"end":{"line":51,"column":null}},"9":{"start":{"line":55,"column":2},"end":{"line":55,"column":null}},"10":{"start":{"line":61,"column":2},"end":{"line":61,"column":null}},"11":{"start":{"line":58,"column":14},"end":{"line":58,"column":20}},"12":{"start":{"line":68,"column":2},"end":{"line":68,"column":null}},"13":{"start":{"line":65,"column":14},"end":{"line":65,"column":20}},"14":{"start":{"line":73,"column":2},"end":{"line":73,"column":null}},"15":{"start":{"line":76,"column":0},"end":{"line":76,"column":13}},"16":{"start":{"line":81,"column":2},"end":{"line":81,"column":null}},"17":{"start":{"line":88,"column":2},"end":{"line":88,"column":null}},"18":{"start":{"line":94,"column":2},"end":{"line":94,"column":null}},"19":{"start":{"line":100,"column":2},"end":{"line":100,"column":null}},"20":{"start":{"line":106,"column":2},"end":{"line":106,"column":null}},"21":{"start":{"line":103,"column":14},"end":{"line":103,"column":20}},"22":{"start":{"line":113,"column":2},"end":{"line":113,"column":null}},"23":{"start":{"line":110,"column":14},"end":{"line":110,"column":20}},"24":{"start":{"line":118,"column":2},"end":{"line":118,"column":null}},"25":{"start":{"line":123,"column":2},"end":{"line":123,"column":null}},"26":{"start":{"line":129,"column":2},"end":{"line":129,"column":null}},"27":{"start":{"line":137,"column":2},"end":{"line":137,"column":null}},"28":{"start":{"line":136,"column":14},"end":{"line":136,"column":29}},"29":{"start":{"line":145,"column":2},"end":{"line":145,"column":null}},"30":{"start":{"line":144,"column":14},"end":{"line":144,"column":31}}},"fnMap":{"0":{"name":"(anonymous_2)","decl":{"start":{"line":58,"column":8},"end":{"line":58,"column":11}},"loc":{"start":{"line":58,"column":14},"end":{"line":58,"column":20}}},"1":{"name":"(anonymous_3)","decl":{"start":{"line":65,"column":8},"end":{"line":65,"column":11}},"loc":{"start":{"line":65,"column":14},"end":{"line":65,"column":20}}},"2":{"name":"(anonymous_4)","decl":{"start":{"line":103,"column":8},"end":{"line":103,"column":11}},"loc":{"start":{"line":103,"column":14},"end":{"line":103,"column":20}}},"3":{"name":"(anonymous_5)","decl":{"start":{"line":110,"column":8},"end":{"line":110,"column":11}},"loc":{"start":{"line":110,"column":14},"end":{"line":110,"column":20}}},"4":{"name":"(anonymous_6)","decl":{"start":{"line":136,"column":8},"end":{"line":136,"column":11}},"loc":{"start":{"line":136,"column":14},"end":{"line":136,"column":29}}},"5":{"name":"(anonymous_7)","decl":{"start":{"line":144,"column":8},"end":{"line":144,"column":11}},"loc":{"start":{"line":144,"column":14},"end":{"line":144,"column":31}}}},"branchMap":{},"s":{"0":1,"1":1,"2":1,"3":1,"4":1,"5":1,"6":1,"7":1,"8":1,"9":1,"10":1,"11":2,"12":1,"13":0,"14":1,"15":1,"16":1,"17":1,"18":1,"19":1,"20":1,"21":0,"22":1,"23":0,"24":1,"25":1,"26":1,"27":1,"28":2,"29":1,"30":2},"f":{"0":2,"1":0,"2":0,"3":0,"4":2,"5":2},"b":{}}
,"/home/runner/work/rive-backend/rive-backend/src/products/dto/update-product-variant.dto.ts": {"path":"/home/runner/work/rive-backend/rive-backend/src/products/dto/update-product-variant.dto.ts","statementMap":{"0":{"start":{"line":1,"column":0},"end":{"line":1,"column":67}},"1":{"start":{"line":2,"column":0},"end":{"line":2,"column":38}},"2":{"start":{"line":3,"column":0},"end":{"line":3,"column":41}},"3":{"start":{"line":4,"column":0},"end":{"line":4,"column":130}},"4":{"start":{"line":6,"column":0},"end":{"line":6,"column":13}},"5":{"start":{"line":11,"column":2},"end":{"line":11,"column":null}},"6":{"start":{"line":17,"column":2},"end":{"line":17,"column":null}},"7":{"start":{"line":22,"column":2},"end":{"line":22,"column":null}},"8":{"start":{"line":29,"column":2},"end":{"line":29,"column":null}},"9":{"start":{"line":26,"column":14},"end":{"line":26,"column":20}},"10":{"start":{"line":36,"column":2},"end":{"line":36,"column":null}},"11":{"start":{"line":33,"column":14},"end":{"line":33,"column":20}},"12":{"start":{"line":41,"column":2},"end":{"line":41,"column":null}},"13":{"start":{"line":50,"column":2},"end":{"line":50,"column":null}}},"fnMap":{"0":{"name":"(anonymous_2)","decl":{"start":{"line":26,"column":8},"end":{"line":26,"column":11}},"loc":{"start":{"line":26,"column":14},"end":{"line":26,"column":20}}},"1":{"name":"(anonymous_3)","decl":{"start":{"line":33,"column":8},"end":{"line":33,"column":11}},"loc":{"start":{"line":33,"column":14},"end":{"line":33,"column":20}}}},"branchMap":{},"s":{"0":1,"1":1,"2":1,"3":1,"4":1,"5":1,"6":1,"7":1,"8":1,"9":0,"10":1,"11":0,"12":1,"13":1},"f":{"0":0,"1":0},"b":{}}
,"/home/runner/work/rive-backend/rive-backend/src/upload/upload.service.ts": {"path":"/home/runner/work/rive-backend/rive-backend/src/upload/upload.service.ts","statementMap":{"0":{"start":{"line":1,"column":0},"end":{"line":1,"column":65}},"1":{"start":{"line":2,"column":0},"end":{"line":2,"column":46}},"2":{"start":{"line":3,"column":0},"end":{"line":3,"column":43}},"3":{"start":{"line":4,"column":0},"end":{"line":4,"column":60}},"4":{"start":{"line":14,"column":7},"end":{"line":72,"column":null}},"5":{"start":{"line":16,"column":4},"end":{"line":21,"column":7}},"6":{"start":{"line":25,"column":20},"end":{"line":25,"column":61}},"7":{"start":{"line":27,"column":4},"end":{"line":29,"column":5}},"8":{"start":{"line":28,"column":6},"end":{"line":28,"column":84}},"9":{"start":{"line":31,"column":4},"end":{"line":33,"column":5}},"10":{"start":{"line":32,"column":6},"end":{"line":32,"column":71}},"11":{"start":{"line":36,"column":31},"end":{"line":36,"column":61}},"12":{"start":{"line":37,"column":27},"end":{"line":37,"column":64}},"13":{"start":{"line":38,"column":4},"end":{"line":42,"column":5}},"14":{"start":{"line":39,"column":6},"end":{"line":41,"column":8}},"15":{"start":{"line":46,"column":4},"end":{"line":46,"column":38}},"16":{"start":{"line":48,"column":4},"end":{"line":70,"column":7}},"17":{"start":{"line":49,"column":27},"end":{"line":65,"column":null}},"18":{"start":{"line":56,"column":10},"end":{"line":59,"column":11}},"19":{"start":{"line":57,"column":12},"end":{"line":57,"column":85}},"20":{"start":{"line":58,"column":12},"end":{"line":58,"column":19}},"21":{"start":{"line":61,"column":10},"end":{"line":64,"column":13}},"22":{"start":{"line":68,"column":27},"end":{"line":68,"column":68}},"23":{"start":{"line":69,"column":6},"end":{"line":69,"column":38}},"24":{"start":{"line":14,"column":13},"end":{"line":14,"column":26}},"25":{"start":{"line":14,"column":13},"end":{"line":72,"column":null}}},"fnMap":{"0":{"name":"(anonymous_11)","decl":{"start":{"line":15,"column":2},"end":{"line":15,"column":null}},"loc":{"start":{"line":15,"column":2},"end":{"line":22,"column":3}}},"1":{"name":"(anonymous_12)","decl":{"start":{"line":24,"column":10},"end":{"line":24,"column":15}},"loc":{"start":{"line":24,"column":51},"end":{"line":43,"column":3}}},"2":{"name":"(anonymous_13)","decl":{"start":{"line":45,"column":2},"end":{"line":45,"column":7}},"loc":{"start":{"line":45,"column":38},"end":{"line":71,"column":3}}},"3":{"name":"(anonymous_14)","decl":{"start":{"line":48,"column":23},"end":{"line":48,"column":24}},"loc":{"start":{"line":48,"column":43},"end":{"line":70,"column":5}}},"4":{"name":"(anonymous_15)","decl":{"start":{"line":55,"column":8},"end":{"line":55,"column":9}},"loc":{"start":{"line":55,"column":26},"end":{"line":65,"column":9}}}},"branchMap":{"0":{"loc":{"start":{"line":27,"column":4},"end":{"line":29,"column":5}},"type":"if","locations":[{"start":{"line":27,"column":4},"end":{"line":29,"column":5}},{"start":{},"end":{}}]},"1":{"loc":{"start":{"line":27,"column":8},"end":{"line":27,"column":67}},"type":"binary-expr","locations":[{"start":{"line":27,"column":8},"end":{"line":27,"column":13}},{"start":{"line":27,"column":17},"end":{"line":27,"column":31}},{"start":{"line":27,"column":35},"end":{"line":27,"column":67}}]},"2":{"loc":{"start":{"line":31,"column":4},"end":{"line":33,"column":5}},"type":"if","locations":[{"start":{"line":31,"column":4},"end":{"line":33,"column":5}},{"start":{},"end":{}}]},"3":{"loc":{"start":{"line":38,"column":4},"end":{"line":42,"column":5}},"type":"if","locations":[{"start":{"line":38,"column":4},"end":{"line":42,"column":5}},{"start":{},"end":{}}]},"4":{"loc":{"start":{"line":38,"column":8},"end":{"line":38,"column":65}},"type":"binary-expr","locations":[{"start":{"line":38,"column":8},"end":{"line":38,"column":23}},{"start":{"line":38,"column":27},"end":{"line":38,"column":65}}]},"5":{"loc":{"start":{"line":56,"column":10},"end":{"line":59,"column":11}},"type":"if","locations":[{"start":{"line":56,"column":10},"end":{"line":59,"column":11}},{"start":{},"end":{}}]},"6":{"loc":{"start":{"line":56,"column":14},"end":{"line":56,"column":30}},"type":"binary-expr","locations":[{"start":{"line":56,"column":14},"end":{"line":56,"column":19}},{"start":{"line":56,"column":23},"end":{"line":56,"column":30}}]}},"s":{"0":1,"1":1,"2":1,"3":1,"4":1,"5":1,"6":2,"7":2,"8":1,"9":1,"10":0,"11":1,"12":1,"13":1,"14":0,"15":0,"16":0,"17":0,"18":0,"19":0,"20":0,"21":0,"22":0,"23":0,"24":1,"25":1},"f":{"0":1,"1":2,"2":0,"3":0,"4":0},"b":{"0":[1,1],"1":[2,2,2],"2":[0,1],"3":[0,1],"4":[1,1],"5":[0,0],"6":[0,0]}}
}
