TN:
SF:src/app.config.ts
FN:9,configureApp
FN:30,(anonymous_11)
FN:48,(anonymous_12)
FNF:3
FNH:2
FNDA:2,configureApp
FNDA:0,(anonymous_11)
FNDA:2,(anonymous_12)
DA:1,1
DA:2,1
DA:3,1
DA:4,1
DA:5,1
DA:6,1
DA:7,1
DA:9,1
DA:10,2
DA:11,2
DA:27,2
DA:28,2
DA:30,0
DA:33,2
DA:37,2
DA:43,2
DA:47,2
DA:49,2
DA:50,2
DA:51,2
DA:53,0
DA:61,2
DA:69,2
DA:75,2
DA:88,2
DA:89,2
DA:90,2
LF:27
LH:25
BRDA:43,0,0,0
BRDA:43,0,1,2
BRDA:49,1,0,2
BRDA:49,1,1,0
BRDA:49,2,0,2
BRDA:49,2,1,0
BRDA:89,3,0,2
BRDA:89,3,1,0
BRF:8
BRH:4
end_of_record
TN:
SF:src/audit-log/audit-log.service.ts
FN:9,(anonymous_2)
FN:11,(anonymous_3)
FNF:2
FNH:0
FNDA:0,(anonymous_2)
FNDA:0,(anonymous_3)
DA:1,20
DA:3,20
DA:6,20
DA:7,0
DA:9,0
DA:18,0
DA:19,0
DA:29,0
LF:8
LH:3
BRDA:25,0,0,0
BRDA:25,0,1,0
BRDA:31,1,0,0
BRDA:31,1,1,0
BRF:4
BRH:0
end_of_record
TN:
SF:src/auth/auth.controller.ts
FN:18,(anonymous_4)
FN:25,(anonymous_5)
FN:34,(anonymous_6)
FN:43,(anonymous_7)
FN:52,(anonymous_8)
FN:62,(anonymous_9)
FN:70,(anonymous_10)
FN:81,(anonymous_11)
FN:93,(anonymous_12)
FN:102,(anonymous_13)
FN:112,(anonymous_14)
FNF:11
FNH:0
FNDA:0,(anonymous_4)
FNDA:0,(anonymous_5)
FNDA:0,(anonymous_6)
FNDA:0,(anonymous_7)
FNDA:0,(anonymous_8)
FNDA:0,(anonymous_9)
FNDA:0,(anonymous_10)
FNDA:0,(anonymous_11)
FNDA:0,(anonymous_12)
FNDA:0,(anonymous_13)
FNDA:0,(anonymous_14)
DA:1,8
DA:2,8
DA:3,8
DA:5,8
DA:6,8
DA:7,8
DA:8,8
DA:9,8
DA:10,8
DA:11,8
DA:12,8
DA:13,8
DA:17,8
DA:18,0
DA:25,8
DA:26,0
DA:34,8
DA:35,0
DA:43,8
DA:44,0
DA:52,8
DA:53,0
DA:62,8
DA:63,0
DA:70,8
DA:71,0
DA:81,8
DA:82,0
DA:93,8
DA:94,0
DA:102,8
DA:103,0
DA:112,8
DA:113,0
LF:34
LH:23
BRF:0
BRH:0
end_of_record
TN:
SF:src/auth/auth.module.ts
FNF:0
FNH:0
DA:1,8
DA:2,8
DA:3,8
DA:4,8
DA:5,8
DA:6,8
DA:7,8
DA:8,8
DA:9,8
DA:10,8
DA:12,8
DA:13,3
DA:16,5
DA:31,5
LF:14
LH:14
BRDA:12,0,0,3
BRDA:12,0,1,5
BRDA:12,1,0,8
BRDA:12,1,1,6
BRDA:16,2,0,5
BRDA:16,2,1,2
BRDA:24,3,0,5
BRDA:24,3,1,5
BRF:8
BRH:8
end_of_record
TN:
SF:src/auth/auth.service.ts
FN:34,(anonymous_11)
FN:41,(anonymous_12)
FN:56,(anonymous_13)
FN:66,(anonymous_14)
FN:70,(anonymous_15)
FN:87,(anonymous_16)
FN:110,(anonymous_17)
FN:168,(anonymous_18)
FN:171,(anonymous_19)
FN:194,(anonymous_20)
FN:206,(anonymous_21)
FN:232,(anonymous_22)
FN:257,(anonymous_23)
FN:271,(anonymous_24)
FN:293,(anonymous_25)
FN:330,(anonymous_26)
FN:345,(anonymous_27)
FN:371,(anonymous_28)
FN:383,(anonymous_29)
FNF:19
FNH:14
FNDA:12,(anonymous_11)
FNDA:3,(anonymous_12)
FNDA:3,(anonymous_13)
FNDA:10,(anonymous_14)
FNDA:3,(anonymous_15)
FNDA:2,(anonymous_16)
FNDA:5,(anonymous_17)
FNDA:3,(anonymous_18)
FNDA:3,(anonymous_19)
FNDA:0,(anonymous_20)
FNDA:0,(anonymous_21)
FNDA:0,(anonymous_22)
FNDA:2,(anonymous_23)
FNDA:1,(anonymous_24)
FNDA:2,(anonymous_25)
FNDA:3,(anonymous_26)
FNDA:1,(anonymous_27)
FNDA:0,(anonymous_28)
FNDA:0,(anonymous_29)
DA:1,10
DA:2,10
DA:4,10
DA:5,10
DA:6,10
DA:7,10
DA:8,10
DA:9,10
DA:16,10
DA:17,10
DA:18,10
DA:19,10
DA:20,10
DA:25,10
DA:27,10
DA:33,10
DA:35,12
DA:36,12
DA:37,12
DA:38,12
DA:51,3
DA:53,3
DA:57,3
DA:67,10
DA:71,3
DA:72,3
DA:80,3
DA:88,2
DA:92,2
DA:93,1
DA:96,1
DA:98,1
DA:107,1
DA:111,5
DA:112,5
DA:116,5
DA:119,1
DA:120,1
DA:123,4
DA:124,1
DA:125,1
DA:128,3
DA:130,3
DA:131,2
DA:132,2
DA:133,2
DA:145,2
DA:146,1
DA:155,2
DA:158,1
DA:165,1
DA:169,3
DA:171,3
DA:172,3
DA:181,3
DA:182,2
DA:185,1
DA:190,1
DA:195,0
DA:203,0
DA:207,0
DA:208,0
DA:211,0
DA:212,0
DA:220,0
DA:223,0
DA:225,0
DA:233,0
DA:237,0
DA:238,0
DA:241,0
DA:242,0
DA:245,0
DA:254,0
DA:258,2
DA:260,2
DA:261,0
DA:264,2
DA:265,2
DA:266,1
DA:269,1
DA:271,1
DA:272,1
DA:276,1
DA:282,1
DA:290,1
DA:294,2
DA:295,2
DA:299,2
DA:300,1
DA:303,1
DA:304,1
DA:306,1
DA:314,1
DA:316,1
DA:324,1
DA:331,3
DA:335,3
DA:336,1
DA:339,2
DA:340,1
DA:343,1
DA:345,1
DA:346,1
DA:354,1
DA:360,1
DA:368,1
DA:372,0
DA:376,0
DA:377,0
DA:380,0
DA:384,0
DA:388,0
DA:389,0
DA:392,0
LF:115
LH:90
BRDA:70,0,0,2
BRDA:92,1,0,1
BRDA:92,1,1,1
BRDA:116,2,0,1
BRDA:116,2,1,4
BRDA:123,3,0,1
BRDA:123,3,1,3
BRDA:123,4,0,4
BRDA:123,4,1,1
BRDA:130,5,0,2
BRDA:130,5,1,1
BRDA:135,6,0,1
BRDA:135,6,1,1
BRDA:145,7,0,1
BRDA:145,7,1,1
BRDA:158,8,0,0
BRDA:158,8,1,1
BRDA:158,9,0,1
BRDA:158,9,1,1
BRDA:181,10,0,2
BRDA:181,10,1,1
BRDA:226,11,0,0
BRDA:226,11,1,0
BRDA:237,12,0,0
BRDA:237,12,1,0
BRDA:241,13,0,0
BRDA:241,13,1,0
BRDA:241,14,0,0
BRDA:241,14,1,0
BRDA:260,15,0,0
BRDA:260,15,1,2
BRDA:265,16,0,1
BRDA:265,16,1,1
BRDA:299,17,0,1
BRDA:299,17,1,1
BRDA:326,18,0,1
BRDA:326,18,1,0
BRDA:335,19,0,1
BRDA:335,19,1,2
BRDA:339,20,0,1
BRDA:339,20,1,1
BRDA:339,21,0,2
BRDA:339,21,1,2
BRDA:376,22,0,0
BRDA:376,22,1,0
BRDA:388,23,0,0
BRDA:388,23,1,0
BRF:47
BRH:32
end_of_record
TN:
SF:src/auth/jwt-auth.guard.ts
FN:6,(anonymous_1)
FNF:1
FNH:0
FNDA:0,(anonymous_1)
DA:1,9
DA:2,9
DA:5,9
DA:7,0
DA:8,0
DA:11,0
LF:6
LH:3
BRDA:7,0,0,0
BRDA:7,0,1,0
BRDA:7,1,0,0
BRDA:7,1,1,0
BRDA:8,2,0,0
BRDA:8,2,1,0
BRF:6
BRH:0
end_of_record
TN:
SF:src/auth/jwt.strategy.ts
FN:13,(anonymous_2)
FN:26,(anonymous_3)
FNF:2
FNH:2
FNDA:4,(anonymous_2)
FNDA:4,(anonymous_3)
DA:1,9
DA:2,9
DA:3,9
DA:4,9
DA:5,9
DA:7,9
DA:10,9
DA:11,4
DA:13,4
DA:14,4
DA:20,4
DA:21,0
DA:22,0
DA:27,4
DA:28,4
DA:29,1
DA:32,3
DA:33,3
DA:34,1
DA:37,2
LF:20
LH:18
BRDA:7,0,0,9
BRDA:7,0,1,6
BRDA:20,1,0,0
BRDA:20,1,1,4
BRDA:20,2,0,4
BRDA:20,2,1,0
BRDA:27,3,0,4
BRDA:27,3,1,2
BRDA:27,3,2,1
BRDA:28,4,0,1
BRDA:28,4,1,3
BRDA:33,5,0,1
BRDA:33,5,1,2
BRF:13
BRH:11
end_of_record
TN:
SF:src/auth/optional-jwt-auth.guard.ts
FN:6,(anonymous_1)
FN:11,(anonymous_2)
FNF:2
FNH:0
FNDA:0,(anonymous_1)
FNDA:0,(anonymous_2)
DA:1,3
DA:2,3
DA:5,3
DA:7,0
DA:8,0
DA:12,0
DA:13,0
DA:15,0
LF:8
LH:3
BRDA:8,0,0,0
BRDA:8,0,1,0
BRDA:12,1,0,0
BRDA:12,1,1,0
BRDA:12,2,0,0
BRDA:12,2,1,0
BRDA:13,3,0,0
BRDA:13,3,1,0
BRF:8
BRH:0
end_of_record
TN:
SF:src/auth/roles.decorator.ts
FN:5,(anonymous_0)
FNF:1
FNH:1
FNDA:2,(anonymous_0)
DA:1,10
DA:3,10
DA:5,10
LF:3
LH:3
BRF:0
BRH:0
end_of_record
TN:
SF:src/auth/roles.guard.ts
FN:7,(anonymous_2)
FN:9,(anonymous_3)
FNF:2
FNH:2
FNDA:4,(anonymous_2)
FNDA:4,(anonymous_3)
DA:1,10
DA:2,10
DA:3,10
DA:6,10
DA:7,4
DA:10,4
DA:15,4
DA:16,1
DA:19,3
DA:20,3
DA:22,3
DA:23,1
DA:26,2
DA:28,2
DA:29,1
DA:32,1
LF:16
LH:16
BRDA:15,0,0,1
BRDA:15,0,1,3
BRDA:15,1,0,4
BRDA:15,1,1,3
BRDA:22,2,0,1
BRDA:22,2,1,2
BRDA:22,3,0,3
BRDA:22,3,1,3
BRDA:28,4,0,1
BRDA:28,4,1,1
BRF:10
BRH:10
end_of_record
TN:
SF:src/auth/dto/change-password.dto.ts
FNF:0
FNH:0
DA:1,8
DA:2,8
DA:4,8
DA:9,8
DA:19,8
LF:5
LH:5
BRF:0
BRH:0
end_of_record
TN:
SF:src/auth/dto/confirm-email-verification.dto.ts
FNF:0
FNH:0
DA:1,8
DA:2,8
DA:4,8
DA:9,8
LF:4
LH:4
BRF:0
BRH:0
end_of_record
TN:
SF:src/auth/dto/forgot-password.dto.ts
FNF:0
FNH:0
DA:1,8
DA:2,8
DA:4,8
DA:9,8
LF:4
LH:4
BRF:0
BRH:0
end_of_record
TN:
SF:src/auth/dto/login.dto.ts
FNF:0
FNH:0
DA:1,8
DA:2,8
DA:4,8
DA:7,8
DA:12,8
LF:5
LH:5
BRF:0
BRH:0
end_of_record
TN:
SF:src/auth/dto/refresh-token.dto.ts
FNF:0
FNH:0
DA:1,8
DA:2,8
DA:4,8
DA:9,8
LF:4
LH:4
BRF:0
BRH:0
end_of_record
TN:
SF:src/auth/dto/register.dto.ts
FNF:0
FNH:0
DA:1,9
DA:2,9
DA:4,9
DA:10,9
DA:17,9
DA:27,9
LF:6
LH:6
BRF:0
BRH:0
end_of_record
TN:
SF:src/auth/dto/reset-password.dto.ts
FNF:0
FNH:0
DA:1,8
DA:2,8
DA:4,8
DA:9,8
DA:19,8
LF:5
LH:5
BRF:0
BRH:0
end_of_record
TN:
SF:src/categories/categories.service.ts
FN:10,(anonymous_2)
FN:15,(anonymous_3)
FN:37,(anonymous_4)
FN:62,(anonymous_5)
FN:77,(anonymous_6)
FN:100,(anonymous_7)
FNF:6
FNH:3
FNDA:3,(anonymous_2)
FNDA:2,(anonymous_3)
FNDA:0,(anonymous_4)
FNDA:0,(anonymous_5)
FNDA:0,(anonymous_6)
FNDA:1,(anonymous_7)
DA:1,1
DA:3,1
DA:4,1
DA:5,1
DA:9,1
DA:11,3
DA:12,3
DA:16,2
DA:17,2
DA:20,2
DA:34,2
DA:38,0
DA:51,0
DA:52,0
DA:59,0
DA:63,0
DA:70,0
DA:71,0
DA:74,0
DA:78,0
DA:79,0
DA:86,0
DA:93,0
DA:95,0
DA:96,0
DA:101,1
DA:102,1
DA:103,0
DA:110,0
DA:112,1
DA:113,1
DA:115,0
DA:116,0
LF:33
LH:15
BRDA:17,0,0,1
BRDA:17,0,1,1
BRDA:42,1,0,0
BRDA:42,1,1,0
BRDA:43,2,0,0
BRDA:43,2,1,0
BRDA:70,3,0,0
BRDA:70,3,1,0
BRDA:83,4,0,0
BRDA:83,4,1,0
BRDA:95,5,0,0
BRDA:95,5,1,0
BRDA:112,6,0,1
BRDA:112,6,1,0
BRDA:115,7,0,0
BRDA:115,7,1,0
BRF:16
BRH:3
end_of_record
TN:
SF:src/common/dto/pagination.dto.ts
FN:6,(anonymous_2)
FN:12,(anonymous_3)
FNF:2
FNH:0
FNDA:0,(anonymous_2)
FNDA:0,(anonymous_3)
DA:1,1
DA:2,1
DA:4,1
DA:6,0
DA:9,1
DA:12,0
DA:16,1
LF:7
LH:5
BRF:0
BRH:0
end_of_record
TN:
SF:src/common/filters/http-exception.filter.ts
FN:17,(anonymous_1)
FNF:1
FNH:0
FNDA:0,(anonymous_1)
DA:1,1
DA:14,1
DA:15,2
DA:18,0
DA:19,0
DA:20,0
DA:23,0
DA:28,0
DA:31,0
DA:37,0
DA:46,0
DA:51,0
LF:12
LH:3
BRDA:23,0,0,0
BRDA:23,0,1,0
BRDA:28,1,0,0
BRDA:28,1,1,0
BRDA:31,2,0,0
BRDA:31,2,1,0
BRDA:33,3,0,0
BRDA:33,3,1,0
BRDA:35,4,0,0
BRDA:35,4,1,0
BRDA:47,5,0,0
BRDA:47,5,1,0
BRDA:48,6,0,0
BRDA:48,6,1,0
BRF:14
BRH:0
end_of_record
TN:
SF:src/common/middleware/request-logging.middleware.ts
FN:8,requestLoggingMiddleware
FN:15,(anonymous_1)
FNF:2
FNH:2
FNDA:4,requestLoggingMiddleware
FNDA:4,(anonymous_1)
DA:1,2
DA:2,2
DA:5,2
DA:8,2
DA:9,4
DA:10,4
DA:11,4
DA:12,4
DA:13,4
DA:15,4
DA:16,4
DA:17,4
DA:27,4
DA:28,4
DA:31,4
LF:15
LH:15
BRDA:24,0,0,0
BRDA:24,0,1,4
BRDA:25,1,0,3
BRDA:25,1,1,1
BRDA:27,2,0,0
BRDA:27,2,1,4
BRF:6
BRH:4
end_of_record
TN:
SF:src/common/utils/environment.ts
FN:14,isLocalOnlyEnvironment
FNF:1
FNH:1
FNDA:25,isLocalOnlyEnvironment
DA:14,11
DA:15,25
LF:2
LH:2
BRDA:14,0,0,13
BRDA:15,1,0,25
BRDA:15,1,1,23
BRF:3
BRH:3
end_of_record
TN:
SF:src/common/utils/pagination.ts
FN:34,resolvePagination
FN:44,buildPaginationMeta
FNF:2
FNH:2
FNDA:4,resolvePagination
FNDA:4,buildPaginationMeta
DA:27,11
DA:28,11
DA:34,11
DA:38,4
DA:39,4
DA:40,4
DA:44,11
DA:45,4
LF:8
LH:8
BRDA:36,0,0,4
BRDA:38,1,0,4
BRDA:38,1,1,0
BRDA:39,2,0,4
BRDA:39,2,1,0
BRF:5
BRH:3
end_of_record
TN:
SF:src/common/utils/timing-safe-compare.ts
FN:3,timingSafeStringEqual
FNF:1
FNH:1
FNDA:11,timingSafeStringEqual
DA:1,9
DA:3,9
DA:4,11
DA:5,1
DA:8,10
DA:9,10
DA:11,10
DA:12,2
DA:15,8
LF:9
LH:9
BRDA:4,0,0,1
BRDA:4,0,1,10
BRDA:4,1,0,11
BRDA:4,1,1,10
BRDA:11,2,0,2
BRDA:11,2,1,8
BRF:6
BRH:6
end_of_record
TN:
SF:src/config/environment.validation.ts
FN:20,validateEnvironment
FN:35,(anonymous_1)
FNF:2
FNH:2
FNDA:12,validateEnvironment
FNDA:140,(anonymous_1)
DA:1,1
DA:3,1
DA:20,1
DA:21,12
DA:22,12
DA:23,0
DA:26,12
DA:27,0
DA:33,12
DA:35,140
DA:36,10
DA:37,3
DA:40,7
DA:41,1
DA:44,6
DA:45,0
DA:48,6
DA:49,1
DA:52,5
DA:53,1
DA:56,4
DA:57,12
DA:58,12
DA:60,0
DA:64,4
DA:65,0
DA:68,4
DA:69,1
LF:28
LH:23
BRDA:20,0,0,0
BRDA:21,1,0,12
BRDA:21,1,1,0
BRDA:22,2,0,0
BRDA:22,2,1,12
BRDA:26,3,0,0
BRDA:26,3,1,12
BRDA:26,4,0,12
BRDA:26,4,1,10
BRDA:26,4,2,10
BRDA:26,4,3,10
BRDA:33,5,0,2
BRDA:33,5,1,10
BRDA:36,6,0,3
BRDA:36,6,1,7
BRDA:40,7,0,1
BRDA:40,7,1,6
BRDA:40,8,0,7
BRDA:40,8,1,0
BRDA:44,9,0,0
BRDA:44,9,1,6
BRDA:44,10,0,6
BRDA:44,10,1,0
BRDA:48,11,0,1
BRDA:48,11,1,5
BRDA:48,12,0,6
BRDA:48,12,1,0
BRDA:52,13,0,1
BRDA:52,13,1,4
BRDA:52,14,0,5
BRDA:52,14,1,0
BRDA:64,15,0,0
BRDA:64,15,1,4
BRDA:64,16,0,4
BRDA:64,16,1,4
BRDA:68,17,0,1
BRDA:68,17,1,3
BRF:37
BRH:27
end_of_record
TN:
SF:src/email/email.service.ts
FN:24,(anonymous_1)
FN:48,(anonymous_2)
FN:54,(anonymous_3)
FN:63,(anonymous_4)
FNF:4
FNH:0
FNDA:0,(anonymous_1)
FNDA:0,(anonymous_2)
FNDA:0,(anonymous_3)
FNDA:0,(anonymous_4)
DA:1,10
DA:18,10
DA:19,0
DA:20,0
DA:21,0
DA:22,0
DA:25,0
DA:28,0
DA:29,0
DA:32,0
DA:47,0
DA:48,0
DA:49,0
DA:50,0
DA:55,0
DA:64,0
LF:16
LH:2
BRDA:21,0,0,0
BRDA:21,0,1,0
BRDA:22,1,0,0
BRDA:22,1,1,0
BRDA:25,2,0,0
BRDA:25,2,1,0
BRDA:43,3,0,0
BRDA:43,3,1,0
BRDA:47,4,0,0
BRDA:47,4,1,0
BRF:10
BRH:0
end_of_record
TN:
SF:src/health/health.controller.ts
FN:9,(anonymous_2)
FN:16,(anonymous_3)
FNF:2
FNH:2
FNDA:2,(anonymous_2)
FNDA:2,(anonymous_3)
DA:1,1
DA:2,1
DA:3,1
DA:4,1
DA:8,1
DA:9,2
DA:16,1
DA:17,2
DA:18,2
DA:19,1
DA:21,1
LF:11
LH:11
BRF:0
BRH:0
end_of_record
TN:
SF:src/orders/admin-orders.controller.ts
FN:18,(anonymous_4)
FN:24,(anonymous_5)
FN:32,(anonymous_6)
FN:40,(anonymous_7)
FNF:4
FNH:3
FNDA:1,(anonymous_4)
FNDA:0,(anonymous_5)
FNDA:1,(anonymous_6)
FNDA:1,(anonymous_7)
DA:1,1
DA:2,1
DA:3,1
DA:4,1
DA:5,1
DA:6,1
DA:7,1
DA:9,1
DA:10,1
DA:17,1
DA:18,1
DA:24,1
DA:25,0
DA:32,1
DA:33,1
DA:40,1
DA:41,1
LF:17
LH:16
BRF:0
BRH:0
end_of_record
TN:
SF:src/orders/internal-orders.controller.ts
FN:20,(anonymous_4)
FN:30,(anonymous_5)
FNF:2
FNH:2
FNDA:3,(anonymous_4)
FNDA:4,(anonymous_5)
DA:1,1
DA:2,1
DA:3,1
DA:4,1
DA:5,1
DA:19,1
DA:20,3
DA:30,1
DA:31,4
DA:33,4
DA:34,1
DA:37,3
DA:38,2
DA:41,1
DA:42,1
LF:15
LH:15
BRDA:33,0,0,1
BRDA:33,0,1,3
BRDA:37,1,0,2
BRDA:37,1,1,1
BRF:4
BRH:4
end_of_record
TN:
SF:src/orders/orders.controller.ts
FN:13,(anonymous_4)
FN:15,(anonymous_5)
FN:21,(anonymous_6)
FN:47,(anonymous_7)
FN:61,(anonymous_8)
FN:78,(anonymous_9)
FNF:6
FNH:5
FNDA:4,(anonymous_4)
FNDA:8,(anonymous_5)
FNDA:4,(anonymous_6)
FNDA:0,(anonymous_7)
FNDA:3,(anonymous_8)
FNDA:1,(anonymous_9)
DA:1,2
DA:2,2
DA:3,2
DA:4,2
DA:6,2
DA:7,2
DA:8,2
DA:12,2
DA:13,4
DA:16,8
DA:22,4
DA:23,4
DA:24,4
DA:26,4
DA:27,1
DA:30,3
DA:31,3
DA:34,3
DA:35,2
DA:38,1
DA:47,2
DA:48,0
DA:49,0
DA:61,2
DA:62,3
DA:63,3
DA:64,3
DA:65,2
DA:78,2
DA:79,1
DA:80,1
DA:81,1
DA:82,0
LF:33
LH:30
BRDA:16,0,0,0
BRDA:16,0,1,8
BRDA:26,1,0,1
BRDA:26,1,1,3
BRDA:30,2,0,3
BRDA:30,2,1,3
BRDA:31,3,0,3
BRDA:31,3,1,0
BRDA:34,4,0,2
BRDA:34,4,1,1
BRDA:34,5,0,3
BRDA:34,5,1,2
BRF:12
BRH:10
end_of_record
TN:
SF:src/orders/orders.service.ts
FN:38,(anonymous_11)
FN:43,(anonymous_12)
FN:48,(anonymous_13)
FN:53,(anonymous_14)
FN:60,(anonymous_15)
FN:66,(anonymous_16)
FN:70,(anonymous_17)
FN:76,(anonymous_18)
FN:92,(anonymous_19)
FN:97,(anonymous_20)
FN:98,(anonymous_21)
FN:126,(anonymous_22)
FN:152,(anonymous_23)
FN:153,(anonymous_24)
FN:156,(anonymous_25)
FN:173,(anonymous_26)
FN:174,(anonymous_27)
FN:228,(anonymous_28)
FN:229,(anonymous_29)
FN:232,(anonymous_30)
FN:233,(anonymous_31)
FN:249,(anonymous_32)
FN:250,(anonymous_33)
FN:253,(anonymous_34)
FN:263,(anonymous_35)
FN:279,(anonymous_36)
FN:292,(anonymous_37)
FN:322,(anonymous_38)
FNF:28
FNH:17
FNDA:10,(anonymous_11)
FNDA:0,(anonymous_12)
FNDA:0,(anonymous_13)
FNDA:1,(anonymous_14)
FNDA:1,(anonymous_15)
FNDA:3,(anonymous_16)
FNDA:1,(anonymous_17)
FNDA:4,(anonymous_18)
FNDA:3,(anonymous_19)
FNDA:3,(anonymous_20)
FNDA:3,(anonymous_21)
FNDA:1,(anonymous_22)
FNDA:0,(anonymous_23)
FNDA:0,(anonymous_24)
FNDA:0,(anonymous_25)
FNDA:1,(anonymous_26)
FNDA:1,(anonymous_27)
FNDA:0,(anonymous_28)
FNDA:0,(anonymous_29)
FNDA:2,(anonymous_30)
FNDA:2,(anonymous_31)
FNDA:3,(anonymous_32)
FNDA:3,(anonymous_33)
FNDA:0,(anonymous_34)
FNDA:0,(anonymous_35)
FNDA:0,(anonymous_36)
FNDA:4,(anonymous_37)
FNDA:0,(anonymous_38)
DA:1,9
DA:2,9
DA:3,9
DA:4,9
DA:5,9
DA:6,9
DA:7,9
DA:8,9
DA:11,9
DA:13,9
DA:22,9
DA:35,9
DA:36,10
DA:39,10
DA:40,10
DA:48,0
DA:49,0
DA:54,1
DA:61,1
DA:62,1
DA:63,1
DA:67,3
DA:71,1
DA:72,1
DA:77,4
DA:78,0
DA:81,4
DA:82,4
DA:83,5
DA:84,1
DA:86,4
DA:89,3
DA:90,3
DA:92,3
DA:93,3
DA:97,3
DA:98,3
DA:99,3
DA:100,3
DA:101,0
DA:103,3
DA:104,0
DA:106,3
DA:107,3
DA:115,3
DA:116,3
DA:120,3
DA:121,2
DA:125,1
DA:126,1
DA:129,1
DA:146,1
DA:153,0
DA:157,0
DA:158,0
DA:159,0
DA:160,0
DA:161,0
DA:169,0
DA:170,0
DA:174,1
DA:175,1
DA:176,1
DA:177,0
DA:180,1
DA:181,0
DA:184,1
DA:187,0
DA:188,0
DA:189,0
DA:190,0
DA:192,0
DA:193,0
DA:194,0
DA:195,0
DA:196,0
DA:198,0
DA:199,0
DA:200,0
DA:202,0
DA:212,0
DA:215,0
DA:216,0
DA:225,0
DA:229,0
DA:233,2
DA:234,2
DA:235,2
DA:236,0
DA:238,2
DA:239,1
DA:241,1
DA:242,1
DA:243,0
DA:245,1
DA:250,3
DA:254,0
DA:258,0
DA:259,0
DA:260,0
DA:264,0
DA:265,0
DA:266,0
DA:276,0
DA:280,0
DA:285,0
DA:286,0
DA:289,0
DA:299,4
DA:311,4
DA:312,2
DA:313,2
DA:314,2
DA:319,2
DA:323,0
DA:328,0
DA:329,0
DA:332,0
DA:333,0
DA:336,0
LF:120
LH:67
BRDA:49,0,0,0
BRDA:49,0,1,0
BRDA:71,1,0,1
BRDA:71,1,1,0
BRDA:71,2,0,1
BRDA:71,2,1,1
BRDA:77,3,0,0
BRDA:77,3,1,4
BRDA:77,4,0,4
BRDA:77,4,1,4
BRDA:83,5,0,1
BRDA:83,5,1,4
BRDA:89,6,0,0
BRDA:89,6,1,3
BRDA:100,7,0,0
BRDA:100,7,1,3
BRDA:103,8,0,0
BRDA:103,8,1,3
BRDA:103,9,0,3
BRDA:103,9,1,3
BRDA:120,10,0,2
BRDA:120,10,1,1
BRDA:158,11,0,0
BRDA:158,11,1,0
BRDA:159,12,0,0
BRDA:159,12,1,0
BRDA:166,13,0,0
BRDA:166,13,1,0
BRDA:169,14,0,0
BRDA:169,14,1,0
BRDA:176,15,0,0
BRDA:176,15,1,1
BRDA:180,16,0,0
BRDA:180,16,1,1
BRDA:187,17,0,0
BRDA:187,17,1,0
BRDA:189,18,0,0
BRDA:189,18,1,0
BRDA:193,19,0,0
BRDA:193,19,1,0
BRDA:195,20,0,0
BRDA:195,20,1,0
BRDA:199,21,0,0
BRDA:199,21,1,0
BRDA:206,22,0,0
BRDA:206,22,1,0
BRDA:215,23,0,0
BRDA:215,23,1,0
BRDA:215,24,0,0
BRDA:215,24,1,0
BRDA:235,25,0,0
BRDA:235,25,1,2
BRDA:238,26,0,1
BRDA:238,26,1,1
BRDA:242,27,0,0
BRDA:242,27,1,1
BRDA:249,28,0,0
BRDA:253,29,0,0
BRDA:259,30,0,0
BRDA:259,30,1,0
BRDA:265,31,0,0
BRDA:265,31,1,0
BRDA:285,32,0,0
BRDA:285,32,1,0
BRDA:303,33,0,3
BRDA:303,33,1,1
BRDA:308,34,0,0
BRDA:308,34,1,4
BRDA:311,35,0,2
BRDA:311,35,1,2
BRDA:328,36,0,0
BRDA:328,36,1,0
BRDA:332,37,0,0
BRDA:332,37,1,0
BRDA:332,38,0,0
BRDA:332,38,1,0
BRDA:332,38,2,0
BRF:77
BRH:26
end_of_record
TN:
SF:src/orders/dto/create-order.dto.ts
FN:26,(anonymous_2)
FN:58,(anonymous_3)
FNF:2
FNH:2
FNDA:105,(anonymous_2)
FNDA:5,(anonymous_3)
DA:1,2
DA:2,2
DA:3,2
DA:23,2
DA:26,105
DA:30,2
DA:33,2
DA:38,2
DA:45,2
DA:51,2
DA:58,5
DA:59,2
LF:12
LH:12
BRF:0
BRH:0
end_of_record
TN:
SF:src/orders/dto/update-order-status.dto.ts
FNF:0
FNH:0
DA:1,1
DA:2,1
DA:3,1
DA:5,1
DA:8,1
LF:5
LH:5
BRF:0
BRH:0
end_of_record
TN:
SF:src/payment/payment.controller.ts
FN:13,(anonymous_4)
FN:37,(anonymous_5)
FN:53,(anonymous_6)
FNF:3
FNH:2
FNDA:2,(anonymous_4)
FNDA:0,(anonymous_5)
FNDA:2,(anonymous_6)
DA:1,1
DA:2,1
DA:3,1
DA:5,1
DA:7,1
DA:8,1
DA:12,1
DA:13,2
DA:37,1
DA:38,0
DA:53,1
DA:54,2
DA:55,2
DA:56,2
LF:14
LH:13
BRDA:41,0,0,0
BRDA:41,0,1,0
BRF:2
BRH:0
end_of_record
TN:
SF:src/payment/payment.service.ts
FN:13,(anonymous_3)
FN:26,(anonymous_4)
FN:83,(anonymous_5)
FN:142,(anonymous_6)
FN:178,(anonymous_7)
FNF:5
FNH:5
FNDA:17,(anonymous_3)
FNDA:8,(anonymous_4)
FNDA:4,(anonymous_5)
FNDA:10,(anonymous_6)
FNDA:9,(anonymous_7)
DA:1,4
DA:2,4
DA:3,4
DA:4,4
DA:5,4
DA:6,4
DA:7,4
DA:10,4
DA:14,17
DA:15,17
DA:17,17
DA:18,17
DA:19,0
DA:21,17
DA:27,8
DA:28,8
DA:43,8
DA:44,1
DA:47,7
DA:48,6
DA:49,6
DA:50,6
DA:51,1
DA:55,6
DA:56,1
DA:59,5
DA:60,0
DA:63,5
DA:64,1
DA:65,1
DA:66,1
DA:67,1
DA:76,0
DA:78,0
DA:81,4
DA:83,4
DA:95,4
DA:96,4
DA:97,4
DA:109,4
DA:113,4
DA:114,1
DA:118,1
DA:119,1
DA:127,0
DA:130,3
DA:138,0
DA:143,10
DA:144,0
DA:147,10
DA:148,10
DA:149,0
DA:153,10
DA:154,10
DA:156,1
DA:159,9
DA:160,9
DA:162,9
DA:163,0
DA:166,9
DA:172,9
DA:173,0
DA:176,9
DA:177,9
DA:178,9
DA:179,9
DA:183,8
DA:184,0
DA:187,8
DA:191,8
DA:192,1
DA:195,7
DA:196,5
DA:197,1
DA:199,4
DA:200,4
DA:203,2
DA:204,2
DA:207,2
DA:211,1
DA:213,1
LF:81
LH:70
BRDA:18,0,0,0
BRDA:18,0,1,17
BRDA:18,1,0,17
BRDA:18,1,1,17
BRDA:21,2,0,17
BRDA:21,2,1,17
BRDA:43,3,0,1
BRDA:43,3,1,7
BRDA:47,4,0,6
BRDA:47,4,1,1
BRDA:48,5,0,6
BRDA:48,5,1,6
BRDA:49,6,0,6
BRDA:49,6,1,0
BRDA:50,7,0,1
BRDA:50,7,1,5
BRDA:50,8,0,6
BRDA:50,8,1,1
BRDA:55,9,0,1
BRDA:55,9,1,5
BRDA:55,10,0,6
BRDA:55,10,1,5
BRDA:55,10,2,5
BRDA:59,11,0,0
BRDA:59,11,1,5
BRDA:59,12,0,5
BRDA:59,12,1,5
BRDA:63,13,0,1
BRDA:63,13,1,4
BRDA:66,14,0,1
BRDA:66,14,1,0
BRDA:66,15,0,1
BRDA:66,15,1,1
BRDA:81,16,0,4
BRDA:81,16,1,4
BRDA:113,17,0,1
BRDA:113,17,1,3
BRDA:118,18,0,1
BRDA:118,18,1,0
BRDA:143,19,0,0
BRDA:143,19,1,10
BRDA:143,20,0,10
BRDA:143,20,1,10
BRDA:148,21,0,0
BRDA:148,21,1,10
BRDA:162,22,0,0
BRDA:162,22,1,9
BRDA:162,23,0,9
BRDA:162,23,1,9
BRDA:162,23,2,9
BRDA:172,24,0,0
BRDA:172,24,1,9
BRDA:183,25,0,0
BRDA:183,25,1,8
BRDA:191,26,0,1
BRDA:191,26,1,7
BRDA:191,27,0,8
BRDA:191,27,1,8
BRDA:195,28,0,5
BRDA:195,28,1,2
BRDA:195,29,0,7
BRDA:195,29,1,2
BRDA:196,30,0,1
BRDA:196,30,1,4
BRDA:207,31,0,1
BRDA:207,31,1,1
BRDA:208,32,0,2
BRDA:208,32,1,2
BRDA:208,32,2,2
BRF:69
BRH:59
end_of_record
TN:
SF:src/payment/dto/create-checkout-session.dto.ts
FNF:0
FNH:0
DA:1,2
DA:2,2
DA:4,2
DA:15,2
LF:4
LH:4
BRF:0
BRH:0
end_of_record
TN:
SF:src/prisma/prisma.module.ts
FNF:0
FNH:0
DA:1,8
DA:2,8
DA:9,8
LF:3
LH:3
BRF:0
BRH:0
end_of_record
TN:
SF:src/prisma/prisma.service.ts
FN:6,(anonymous_1)
FN:10,(anonymous_2)
FNF:2
FNH:0
FNDA:0,(anonymous_1)
FNDA:0,(anonymous_2)
DA:1,21
DA:2,21
DA:5,21
DA:7,0
DA:11,0
LF:5
LH:3
BRF:0
BRH:0
end_of_record
TN:
SF:src/products/admin-products.controller.ts
FN:20,(anonymous_4)
FN:26,(anonymous_5)
FN:34,(anonymous_6)
FN:43,(anonymous_7)
FN:52,(anonymous_8)
FN:67,(anonymous_9)
FN:75,(anonymous_10)
FN:84,(anonymous_11)
FNF:8
FNH:3
FNDA:1,(anonymous_4)
FNDA:1,(anonymous_5)
FNDA:1,(anonymous_6)
FNDA:0,(anonymous_7)
FNDA:0,(anonymous_8)
FNDA:0,(anonymous_9)
FNDA:0,(anonymous_10)
FNDA:0,(anonymous_11)
DA:1,1
DA:2,1
DA:3,1
DA:4,1
DA:5,1
DA:6,1
DA:7,1
DA:9,1
DA:10,1
DA:11,1
DA:12,1
DA:19,1
DA:20,1
DA:26,1
DA:27,1
DA:34,1
DA:35,1
DA:43,1
DA:44,0
DA:52,1
DA:58,0
DA:67,1
DA:68,0
DA:75,1
DA:76,0
DA:84,1
DA:85,0
LF:27
LH:22
BRF:0
BRH:0
end_of_record
TN:
SF:src/products/products.service.ts
FN:23,(anonymous_2)
FN:28,(anonymous_3)
FN:85,(anonymous_4)
FN:98,(anonymous_5)
FN:111,(anonymous_6)
FN:140,(anonymous_7)
FN:147,(anonymous_8)
FN:171,(anonymous_9)
FN:196,(anonymous_10)
FN:221,(anonymous_11)
FN:228,(anonymous_12)
FN:261,(anonymous_13)
FN:308,(anonymous_14)
FN:337,(anonymous_15)
FN:360,(anonymous_16)
FNF:15
FNH:10
FNDA:13,(anonymous_2)
FNDA:2,(anonymous_3)
FNDA:2,(anonymous_4)
FNDA:1,(anonymous_5)
FNDA:0,(anonymous_6)
FNDA:0,(anonymous_7)
FNDA:0,(anonymous_8)
FNDA:0,(anonymous_9)
FNDA:0,(anonymous_10)
FNDA:3,(anonymous_11)
FNDA:2,(anonymous_12)
FNDA:3,(anonymous_13)
FNDA:2,(anonymous_14)
FNDA:1,(anonymous_15)
FNDA:2,(anonymous_16)
DA:1,2
DA:2,2
DA:3,2
DA:4,2
DA:5,2
DA:11,2
DA:22,2
DA:24,13
DA:25,13
DA:38,2
DA:42,2
DA:43,0
DA:48,2
DA:49,0
DA:52,2
DA:53,0
DA:54,0
DA:61,2
DA:62,2
DA:82,2
DA:86,2
DA:91,2
DA:92,1
DA:95,1
DA:99,1
DA:104,1
DA:105,0
DA:108,1
DA:112,0
DA:116,0
DA:117,0
DA:120,0
DA:140,0
DA:147,0
DA:160,0
DA:168,0
DA:172,0
DA:173,0
DA:182,0
DA:190,0
DA:192,0
DA:197,0
DA:198,0
DA:207,0
DA:215,0
DA:217,0
DA:222,3
DA:223,3
DA:224,1
DA:229,2
DA:231,1
DA:232,1
DA:244,1
DA:252,1
DA:254,0
DA:255,0
DA:257,0
DA:262,3
DA:266,3
DA:267,1
DA:270,2
DA:273,2
DA:277,2
DA:281,2
DA:283,0
DA:284,0
DA:286,0
DA:289,2
DA:290,1
DA:295,1
DA:297,1
DA:305,1
DA:309,2
DA:313,2
DA:314,0
DA:317,2
DA:318,2
DA:320,1
DA:321,1
DA:323,0
DA:326,1
DA:334,1
DA:338,1
DA:340,1
DA:349,1
DA:357,1
DA:361,2
DA:365,2
DA:366,1
DA:369,1
DA:371,1
DA:379,1
LF:92
LH:61
BRDA:36,0,0,1
BRDA:38,1,0,1
BRDA:38,1,1,1
BRDA:39,2,0,1
BRDA:39,2,1,0
BRDA:42,3,0,0
BRDA:42,3,1,2
BRDA:48,4,0,0
BRDA:48,4,1,2
BRDA:52,5,0,0
BRDA:52,5,1,2
BRDA:85,6,0,1
BRDA:87,7,0,1
BRDA:87,7,1,1
BRDA:91,8,0,1
BRDA:91,8,1,1
BRDA:104,9,0,0
BRDA:104,9,1,1
BRDA:116,10,0,0
BRDA:116,10,1,0
BRDA:128,11,0,0
BRDA:128,11,1,0
BRDA:129,12,0,0
BRDA:129,12,1,0
BRDA:133,13,0,0
BRDA:133,13,1,0
BRDA:143,14,0,0
BRDA:143,14,1,0
BRDA:149,15,0,0
BRDA:149,15,1,0
BRDA:152,16,0,0
BRDA:152,16,1,0
BRDA:153,17,0,0
BRDA:153,17,1,0
BRDA:177,18,0,0
BRDA:177,18,1,0
BRDA:202,19,0,0
BRDA:202,19,1,0
BRDA:223,20,0,1
BRDA:223,20,1,2
BRDA:236,21,0,1
BRDA:236,21,1,1
BRDA:239,22,0,1
BRDA:239,22,1,0
BRDA:240,23,0,1
BRDA:240,23,1,1
BRDA:254,24,0,0
BRDA:254,24,1,0
BRDA:266,25,0,1
BRDA:266,25,1,2
BRDA:283,26,0,0
BRDA:283,26,1,0
BRDA:289,27,0,1
BRDA:289,27,1,1
BRDA:313,28,0,0
BRDA:313,28,1,2
BRDA:320,29,0,1
BRDA:320,29,1,0
BRDA:345,30,0,1
BRDA:345,30,1,1
BRDA:365,31,0,1
BRDA:365,31,1,1
BRF:62
BRH:30
end_of_record
TN:
SF:src/products/dto/create-product-image.dto.ts
FNF:0
FNH:0
DA:1,1
DA:2,1
DA:4,1
DA:9,1
DA:15,1
DA:20,1
LF:6
LH:6
BRF:0
BRH:0
end_of_record
TN:
SF:src/products/dto/create-product-variant.dto.ts
FN:24,(anonymous_2)
FN:31,(anonymous_3)
FNF:2
FNH:0
FNDA:0,(anonymous_2)
FNDA:0,(anonymous_3)
DA:1,1
DA:2,1
DA:3,1
DA:4,1
DA:6,1
DA:11,1
DA:17,1
DA:21,1
DA:24,0
DA:27,1
DA:31,0
DA:34,1
DA:39,1
LF:13
LH:11
BRF:0
BRH:0
end_of_record
TN:
SF:src/products/dto/create-product.dto.ts
FN:58,(anonymous_2)
FN:65,(anonymous_3)
FN:103,(anonymous_4)
FN:110,(anonymous_5)
FN:136,(anonymous_6)
FN:144,(anonymous_7)
FNF:6
FNH:3
FNDA:2,(anonymous_2)
FNDA:0,(anonymous_3)
FNDA:0,(anonymous_4)
FNDA:0,(anonymous_5)
FNDA:2,(anonymous_6)
FNDA:2,(anonymous_7)
DA:1,1
DA:2,1
DA:3,1
DA:4,1
DA:26,1
DA:32,1
DA:37,1
DA:45,1
DA:51,1
DA:55,1
DA:58,2
DA:61,1
DA:65,0
DA:68,1
DA:73,1
DA:76,1
DA:81,1
DA:88,1
DA:94,1
DA:100,1
DA:103,0
DA:106,1
DA:110,0
DA:113,1
DA:118,1
DA:123,1
DA:129,1
DA:136,2
DA:137,1
DA:144,2
DA:145,1
LF:31
LH:28
BRF:0
BRH:0
end_of_record
TN:
SF:src/products/dto/update-product-variant.dto.ts
FN:26,(anonymous_2)
FN:33,(anonymous_3)
FNF:2
FNH:0
FNDA:0,(anonymous_2)
FNDA:0,(anonymous_3)
DA:1,1
DA:2,1
DA:3,1
DA:4,1
DA:6,1
DA:11,1
DA:17,1
DA:22,1
DA:26,0
DA:29,1
DA:33,0
DA:36,1
DA:41,1
DA:50,1
LF:14
LH:12
BRF:0
BRH:0
end_of_record
TN:
SF:src/upload/upload.service.ts
FN:15,(anonymous_11)
FN:24,(anonymous_12)
FN:45,(anonymous_13)
FN:48,(anonymous_14)
FN:55,(anonymous_15)
FNF:5
FNH:2
FNDA:1,(anonymous_11)
FNDA:2,(anonymous_12)
FNDA:0,(anonymous_13)
FNDA:0,(anonymous_14)
FNDA:0,(anonymous_15)
DA:1,1
DA:2,1
DA:3,1
DA:4,1
DA:14,1
DA:16,1
DA:25,2
DA:27,2
DA:28,1
DA:31,1
DA:32,0
DA:36,1
DA:37,1
DA:38,1
DA:39,0
DA:46,0
DA:48,0
DA:49,0
DA:56,0
DA:57,0
DA:58,0
DA:61,0
DA:68,0
DA:69,0
LF:24
LH:13
BRDA:27,0,0,1
BRDA:27,0,1,1
BRDA:27,1,0,2
BRDA:27,1,1,2
BRDA:27,1,2,2
BRDA:31,2,0,0
BRDA:31,2,1,1
BRDA:38,3,0,0
BRDA:38,3,1,1
BRDA:38,4,0,1
BRDA:38,4,1,1
BRDA:56,5,0,0
BRDA:56,5,1,0
BRDA:56,6,0,0
BRDA:56,6,1,0
BRF:15
BRH:9
end_of_record
